#
# A fatal error has been detected by the Java Runtime Environment:
#
#  EXCEPTION_ACCESS_VIOLATION (0xc0000005) at pc=0x0000000059a29c64, pid=3584, tid=0x00000000000012b8
#
# JRE version: OpenJDK Runtime Environment (8.0_152-b01) (build 1.8.0_152-release-915-b01)
# Java VM: OpenJDK 64-Bit Server VM (25.152-b01 mixed mode windows-amd64 compressed oops)
# Problematic frame:
# V  [jvm.dll+0x439c64]
#
# Failed to write core dump. Minidumps are not enabled by default on client versions of Windows
#
# If you would like to submit a bug report, please visit:
#   http://bugreport.java.com/bugreport/crash.jsp
#

---------------  T H R E A D  ---------------

Current thread (0x00000000577e7800):  JavaThread "C2 CompilerThread1" daemon [_thread_in_native, id=4792, stack(0x00000000580d0000,0x00000000581d0000)]

siginfo: ExceptionCode=0xc0000005, reading address 0x0000000000000094

Registers:
RAX=0x0000000000000000, RBX=0x0000000000040000, RCX=0x000000005fd48510, RDX=0x0000000000000000
RSP=0x00000000581ce1f0, RBP=0x0000000000000094, RSI=0x00000000581cefa0, RDI=0x00000000581ce2a0
R8 =0x0000000000000056, R9 =0x0000000000000000, R10=0x0000000000000000, R11=0x0000000000000014
R12=0x000000005aad60d8, R13=0x0000000000001db2, R14=0x0000000000000000, R15=0x000000000000ed90
RIP=0x0000000059a29c64, EFLAGS=0x0000000000010206

Top of Stack: (sp=0x00000000581ce1f0)
0x00000000581ce1f0:   000000005fd48510 00000000581cefa0
0x00000000581ce200:   00000000581cefa0 0000000059ac7c46
0x00000000581ce210:   000000005ba73638 000000005ba6f420
0x00000000581ce220:   00000000581ce290 00000000577e2500
0x00000000581ce230:   00000000581ce530 0000000059ac898e
0x00000000581ce240:   00000000581ce420 0000000000000000
0x00000000581ce250:   00000000577e2500 00000000581ce420
0x00000000581ce260:   0000000000048270 0000000059a2de96
0x00000000581ce270:   00000000581cefa0 0000000000000001
0x00000000581ce280:   000000005ba6b650 00000000577e2500
0x00000000581ce290:   0000000000000002 00000000581cefa0
0x00000000581ce2a0:   00000000577e2500 0000000000008000
0x00000000581ce2b0:   00000000639fe020 0000000000002740
0x00000000581ce2c0:   0000000059c26d48 00000000577e2500
0x00000000581ce2d0:   0000000000000400 000000005ec53c60
0x00000000581ce2e0:   0000000000000000 0000000000000001 

Instructions: (pc=0x0000000059a29c64)
0x0000000059a29c44:   8b 5b 20 45 8b d6 45 85 db 7e 65 4d 8b ce 66 66
0x0000000059a29c54:   66 66 66 66 0f 1f 84 00 00 00 00 00 48 8b 6b 10
0x0000000059a29c64:   49 8b 04 29 8b 48 28 8b c1 c1 e8 05 3b 47 30 73
0x0000000059a29c74:   19 44 8b c0 48 8b 47 38 83 e1 1f 42 8b 04 80 ba 


Register to memory mapping:

RAX=0x0000000000000000 is an unknown value
RBX=0x0000000000040000 is an unknown value
RCX=0x000000005fd48510 is an unknown value
RDX=0x0000000000000000 is an unknown value
RSP=0x00000000581ce1f0 is pointing into the stack for thread: 0x00000000577e7800
RBP=0x0000000000000094 is an unknown value
RSI=0x00000000581cefa0 is pointing into the stack for thread: 0x00000000577e7800
RDI=0x00000000581ce2a0 is pointing into the stack for thread: 0x00000000577e7800
R8 =0x0000000000000056 is an unknown value
R9 =0x0000000000000000 is an unknown value
R10=0x0000000000000000 is an unknown value
R11=0x0000000000000014 is an unknown value
R12=0x000000005aad60d8 is an unknown value
R13=0x0000000000001db2 is an unknown value
R14=0x0000000000000000 is an unknown value
R15=0x000000000000ed90 is an unknown value


Stack: [0x00000000580d0000,0x00000000581d0000],  sp=0x00000000581ce1f0,  free space=1016k
Native frames: (J=compiled Java code, j=interpreted, Vv=VM code, C=native code)
V  [jvm.dll+0x439c64]
V  [jvm.dll+0x4d898e]
V  [jvm.dll+0x43de96]
V  [jvm.dll+0x4418c4]
V  [jvm.dll+0x424b32]
V  [jvm.dll+0x80fa9]
V  [jvm.dll+0x818df]
V  [jvm.dll+0x21d06f]
V  [jvm.dll+0x26d4aa]
C  [msvcr100.dll+0x21d9f]
C  [msvcr100.dll+0x21e3b]
C  [kernel32.dll+0x1652d]
C  [ntdll.dll+0x2c521]


Current CompileTask:
C2:2052095 20629       4       sun.reflect.generics.parser.SignatureParser::parseFieldTypeSignature (73 bytes)


---------------  P R O C E S S  ---------------

Java Threads: ( => current thread )
  0x00000000579e2800 JavaThread "Task worker for ':' Thread 3" [_thread_blocked, id=4780, stack(0x0000000068f10000,0x0000000069010000)]
  0x000000005bf82800 JavaThread "Task worker for ':' Thread 2" [_thread_blocked, id=2328, stack(0x0000000068da0000,0x0000000068ea0000)]
  0x000000005bf84000 JavaThread "Task worker for ':'" [_thread_blocked, id=3136, stack(0x000000005e2c0000,0x000000005e3c0000)]
  0x000000005bf7f000 JavaThread "Cache worker for task history cache (D:\Exercise_1_1\.gradle\4.1\taskHistory)" [_thread_blocked, id=6204, stack(0x0000000068a20000,0x0000000068b20000)]
  0x000000005bf81000 JavaThread "Cache worker for file content cache (D:\Exercise_1_1\.gradle\4.1\fileContent)" [_thread_blocked, id=2728, stack(0x0000000065710000,0x0000000065810000)]
  0x000000005bf7d800 JavaThread "build operations Thread 4" [_thread_blocked, id=1748, stack(0x00000000651e0000,0x00000000652e0000)]
  0x0000000066f09800 JavaThread "build operations Thread 3" [_thread_blocked, id=6232, stack(0x0000000064c20000,0x0000000064d20000)]
  0x0000000066f08800 JavaThread "build operations Thread 2" [_thread_blocked, id=2664, stack(0x000000005fa20000,0x000000005fb20000)]
  0x0000000066f0c800 JavaThread "build operations" [_thread_blocked, id=2780, stack(0x000000005c550000,0x000000005c650000)]
  0x0000000066f0b000 JavaThread "Cache worker for Artifact transforms cache (C:\Users\Administrator\.gradle\caches\transforms-1)" [_thread_blocked, id=3872, stack(0x000000005f640000,0x000000005f740000)]
  0x0000000066f08000 JavaThread "Cache worker for file hash cache (D:\Exercise_1_1\.gradle\4.1\fileHashes)" [_thread_blocked, id=6304, stack(0x000000005c7f0000,0x000000005c8f0000)]
  0x0000000066f0b800 JavaThread "Stdin handler" [_thread_blocked, id=6408, stack(0x000000005cf30000,0x000000005d030000)]
  0x0000000066f0e000 JavaThread "Asynchronous log dispatcher for DefaultDaemonConnection: socket connection from /127.0.0.1:50375 to /127.0.0.1:51072" [_thread_blocked, id=6616, stack(0x000000005c8f0000,0x000000005c9f0000)]
  0x0000000066f0e800 JavaThread "Cancel handler" [_thread_blocked, id=6584, stack(0x00000000592f0000,0x00000000593f0000)]
  0x0000000066f0a000 JavaThread "Handler for socket connection from /127.0.0.1:50375 to /127.0.0.1:51072" [_thread_in_native, id=3140, stack(0x000000005a2d0000,0x000000005a3d0000)]
  0x0000000066f0d000 JavaThread "Java2D Disposer" daemon [_thread_blocked, id=4008, stack(0x0000000065600000,0x0000000065700000)]
  0x000000005ba2d800 JavaThread "Worker Daemon Execution Thread 7" [_thread_blocked, id=7044, stack(0x0000000068810000,0x0000000068910000)]
  0x000000005ba31000 JavaThread "Worker Daemon Execution Thread 6" [_thread_blocked, id=2144, stack(0x00000000686c0000,0x00000000687c0000)]
  0x000000005ba32000 JavaThread "Worker Daemon Execution Thread 5" [_thread_blocked, id=7028, stack(0x0000000065b40000,0x0000000065c40000)]
  0x000000005ba32800 JavaThread "Worker Daemon Execution Thread 4" [_thread_blocked, id=6452, stack(0x0000000066330000,0x0000000066430000)]
  0x000000005bf80800 JavaThread "Worker Daemon Execution Thread 3" [_thread_blocked, id=6396, stack(0x0000000065a40000,0x0000000065b40000)]
  0x000000005bf7f800 JavaThread "Worker Daemon Execution Thread 2" [_thread_blocked, id=912, stack(0x00000000621b0000,0x00000000622b0000)]
  0x000000005bf83800 JavaThread "Worker Daemon Execution" [_thread_blocked, id=2564, stack(0x0000000065870000,0x0000000065970000)]
  0x00000000579dd800 JavaThread "Daemon worker Thread 13" [_thread_in_native, id=5732, stack(0x000000005c660000,0x000000005c760000)]
  0x00000000579e0800 JavaThread "Daemon Thread 13" [_thread_blocked, id=6836, stack(0x0000000059ee0000,0x0000000059fe0000)]
  0x000000005ffee000 JavaThread "Memory manager" [_thread_blocked, id=5076, stack(0x0000000061ca0000,0x0000000061da0000)]
  0x000000005b39b000 JavaThread "File lock request listener" [_thread_in_native, id=5608, stack(0x000000005cbf0000,0x000000005ccf0000)]
  0x000000005b0e3000 JavaThread "Cache worker for file hash cache (C:\Users\Administrator\.gradle\caches\4.1\fileHashes)" [_thread_blocked, id=1084, stack(0x000000005cab0000,0x000000005cbb0000)]
  0x000000005ab3a800 JavaThread "Daemon periodic checks" [_thread_blocked, id=5152, stack(0x0000000059420000,0x0000000059520000)]
  0x000000005b1ab800 JavaThread "Incoming local TCP Connector on port 50375" [_thread_in_native, id=5672, stack(0x0000000058210000,0x0000000058310000)]
  0x00000000577f5800 JavaThread "Service Thread" daemon [_thread_blocked, id=5728, stack(0x00000000584f0000,0x00000000585f0000)]
  0x00000000577e8800 JavaThread "C1 CompilerThread2" daemon [_thread_blocked, id=2168, stack(0x0000000058380000,0x0000000058480000)]
=>0x00000000577e7800 JavaThread "C2 CompilerThread1" daemon [_thread_in_native, id=4792, stack(0x00000000580d0000,0x00000000581d0000)]
  0x00000000577e3800 JavaThread "C2 CompilerThread0" daemon [_thread_blocked, id=3592, stack(0x0000000057ee0000,0x0000000057fe0000)]
  0x00000000562c7000 JavaThread "Attach Listener" daemon [_thread_blocked, id=4080, stack(0x0000000057430000,0x0000000057530000)]
  0x00000000562c5800 JavaThread "Signal Dispatcher" daemon [_thread_blocked, id=6032, stack(0x0000000057cb0000,0x0000000057db0000)]
  0x00000000562a3000 JavaThread "Finalizer" daemon [_thread_blocked, id=5836, stack(0x00000000576e0000,0x00000000577e0000)]
  0x000000005625f800 JavaThread "Reference Handler" daemon [_thread_blocked, id=2120, stack(0x0000000057560000,0x0000000057660000)]
  0x00000000000fe000 JavaThread "main" [_thread_blocked, id=4224, stack(0x00000000023b0000,0x00000000024b0000)]

Other Threads:
  0x000000005625a000 VMThread [stack: 0x0000000057280000,0x0000000057380000] [id=4636]
  0x00000000562cb000 WatcherThread [stack: 0x0000000058690000,0x0000000058790000] [id=6048]

VM state:not at safepoint (normal execution)

VM Mutex/Monitor currently owned by a thread: None

Heap:
 PSYoungGen      total 426496K, used 288514K [0x00000000e0000000, 0x00000000fd300000, 0x0000000100000000)
  eden space 403456K, 65% used [0x00000000e0000000,0x00000000f03b66e0,0x00000000f8a00000)
  from space 23040K, 97% used [0x00000000fab80000,0x00000000fc18a330,0x00000000fc200000)
  to   space 17408K, 0% used [0x00000000fc200000,0x00000000fc200000,0x00000000fd300000)
 ParOldGen       total 107520K, used 60707K [0x00000000a0000000, 0x00000000a6900000, 0x00000000e0000000)
  object space 107520K, 56% used [0x00000000a0000000,0x00000000a3b48c50,0x00000000a6900000)
 Metaspace       used 82766K, capacity 90278K, committed 90496K, reserved 1128448K
  class space    used 10681K, capacity 12343K, committed 12416K, reserved 1048576K

Card table byte_map: [0x0000000011b40000,0x0000000011e50000] byte_map_base: 0x0000000011640000

Marking Bits: (ParMarkBitMap*) 0x0000000059db3950
 Begin Bits: [0x00000000125d0000, 0x0000000013dd0000)
 End Bits:   [0x0000000013dd0000, 0x00000000155d0000)

Polling page: 0x0000000000140000

CodeCache: size=245760Kb used=55890Kb max_used=55898Kb free=189869Kb
 bounds [0x0000000002780000, 0x0000000005e70000, 0x0000000011780000]
 total_blobs=17308 nmethods=16353 adapters=866
 compilation: enabled

Compilation events (10 events):
Event: 2051.424 Thread 0x00000000577e8800 nmethod 20626 0x0000000005e24590 code [0x0000000005e24720, 0x0000000005e24ab8]
Event: 2051.424 Thread 0x00000000577e8800 20627       3       com.google.common.io.Files$FileByteSink::openStream (22 bytes)
Event: 2051.424 Thread 0x00000000577e8800 nmethod 20627 0x0000000005e59150 code [0x0000000005e592c0, 0x0000000005e59598]
Event: 2051.426 Thread 0x00000000577e8800 20628       3       com.sun.org.apache.xerces.internal.dom.ElementImpl::getAttribute (52 bytes)
Event: 2051.426 Thread 0x00000000577e8800 nmethod 20628 0x0000000005e59690 code [0x0000000005e59860, 0x0000000005e5a218]
Event: 2051.427 Thread 0x00000000577e7800 nmethod 20612 0x0000000005e5dcd0 code [0x0000000005e5de80, 0x0000000005e5ead8]
Event: 2051.427 Thread 0x00000000577e7800 20629       4       sun.reflect.generics.parser.SignatureParser::parseFieldTypeSignature (73 bytes)
Event: 2051.435 Thread 0x00000000577e3800 nmethod 20615 0x0000000005e5eed0 code [0x0000000005e5f080, 0x0000000005e5fab8]
Event: 2051.435 Thread 0x00000000577e3800 20621       4       com.android.utils.PositionXmlParser$Position::toSourcePosition (69 bytes)
Event: 2051.436 Thread 0x00000000577e3800 nmethod 20621 0x0000000005e5ac10 code [0x0000000005e5ad60, 0x0000000005e5ae98]

GC Heap History (10 events):
Event: 1055.880 GC heap before
{Heap before GC invocations=16 (full 3):
 PSYoungGen      total 493568K, used 467354K [0x00000000e0000000, 0x0000000100000000, 0x0000000100000000)
  eden space 462336K, 99% used [0x00000000e0000000,0x00000000fc0b8098,0x00000000fc380000)
  from space 31232K, 25% used [0x00000000fe180000,0x00000000fe92eb30,0x0000000100000000)
  to   space 30720K, 0% used [0x00000000fc380000,0x00000000fc380000,0x00000000fe180000)
 ParOldGen       total 107520K, used 60667K [0x00000000a0000000, 0x00000000a6900000, 0x00000000e0000000)
  object space 107520K, 56% used [0x00000000a0000000,0x00000000a3b3ec50,0x00000000a6900000)
 Metaspace       used 76368K, capacity 81348K, committed 81536K, reserved 1120256K
  class space    used 9963K, capacity 11124K, committed 11136K, reserved 1048576K
Event: 1055.890 GC heap after
Heap after GC invocations=16 (full 3):
 PSYoungGen      total 478720K, used 15891K [0x00000000e0000000, 0x00000000ffd80000, 0x0000000100000000)
  eden space 462336K, 0% used [0x00000000e0000000,0x00000000e0000000,0x00000000fc380000)
  from space 16384K, 96% used [0x00000000fc380000,0x00000000fd304c78,0x00000000fd380000)
  to   space 29696K, 0% used [0x00000000fe080000,0x00000000fe080000,0x00000000ffd80000)
 ParOldGen       total 107520K, used 60675K [0x00000000a0000000, 0x00000000a6900000, 0x00000000e0000000)
  object space 107520K, 56% used [0x00000000a0000000,0x00000000a3b40c50,0x00000000a6900000)
 Metaspace       used 76368K, capacity 81348K, committed 81536K, reserved 1120256K
  class space    used 9963K, capacity 11124K, committed 11136K, reserved 1048576K
}
Event: 1265.514 GC heap before
{Heap before GC invocations=17 (full 3):
 PSYoungGen      total 478720K, used 478216K [0x00000000e0000000, 0x00000000ffd80000, 0x0000000100000000)
  eden space 462336K, 99% used [0x00000000e0000000,0x00000000fc37d448,0x00000000fc380000)
  from space 16384K, 96% used [0x00000000fc380000,0x00000000fd304c78,0x00000000fd380000)
  to   space 29696K, 0% used [0x00000000fe080000,0x00000000fe080000,0x00000000ffd80000)
 ParOldGen       total 107520K, used 60675K [0x00000000a0000000, 0x00000000a6900000, 0x00000000e0000000)
  object space 107520K, 56% used [0x00000000a0000000,0x00000000a3b40c50,0x00000000a6900000)
 Metaspace       used 77118K, capacity 82632K, committed 82816K, reserved 1120256K
  class space    used 10036K, capacity 11292K, committed 11392K, reserved 1048576K
Event: 1265.525 GC heap after
Heap after GC invocations=17 (full 3):
 PSYoungGen      total 493056K, used 14390K [0x00000000e0000000, 0x0000000100000000, 0x0000000100000000)
  eden space 463360K, 0% used [0x00000000e0000000,0x00000000e0000000,0x00000000fc480000)
  from space 29696K, 48% used [0x00000000fe080000,0x00000000fee8d9e8,0x00000000ffd80000)
  to   space 28672K, 0% used [0x00000000fc480000,0x00000000fc480000,0x00000000fe080000)
 ParOldGen       total 107520K, used 60683K [0x00000000a0000000, 0x00000000a6900000, 0x00000000e0000000)
  object space 107520K, 56% used [0x00000000a0000000,0x00000000a3b42c50,0x00000000a6900000)
 Metaspace       used 77118K, capacity 82632K, committed 82816K, reserved 1120256K
  class space    used 10036K, capacity 11292K, committed 11392K, reserved 1048576K
}
Event: 1445.448 GC heap before
{Heap before GC invocations=18 (full 3):
 PSYoungGen      total 493056K, used 477750K [0x00000000e0000000, 0x0000000100000000, 0x0000000100000000)
  eden space 463360K, 100% used [0x00000000e0000000,0x00000000fc480000,0x00000000fc480000)
  from space 29696K, 48% used [0x00000000fe080000,0x00000000fee8d9e8,0x00000000ffd80000)
  to   space 28672K, 0% used [0x00000000fc480000,0x00000000fc480000,0x00000000fe080000)
 ParOldGen       total 107520K, used 60683K [0x00000000a0000000, 0x00000000a6900000, 0x00000000e0000000)
  object space 107520K, 56% used [0x00000000a0000000,0x00000000a3b42c50,0x00000000a6900000)
 Metaspace       used 77638K, capacity 83408K, committed 83712K, reserved 1122304K
  class space    used 10071K, capacity 11416K, committed 11520K, reserved 1048576K
Event: 1445.463 GC heap after
Heap after GC invocations=18 (full 3):
 PSYoungGen      total 456704K, used 14247K [0x00000000e0000000, 0x00000000fe500000, 0x0000000100000000)
  eden space 442368K, 0% used [0x00000000e0000000,0x00000000e0000000,0x00000000fb000000)
  from space 14336K, 99% used [0x00000000fc480000,0x00000000fd269c38,0x00000000fd280000)
  to   space 18944K, 0% used [0x00000000fd280000,0x00000000fd280000,0x00000000fe500000)
 ParOldGen       total 107520K, used 60691K [0x00000000a0000000, 0x00000000a6900000, 0x00000000e0000000)
  object space 107520K, 56% used [0x00000000a0000000,0x00000000a3b44c50,0x00000000a6900000)
 Metaspace       used 77638K, capacity 83408K, committed 83712K, reserved 1122304K
  class space    used 10071K, capacity 11416K, committed 11520K, reserved 1048576K
}
Event: 1616.315 GC heap before
{Heap before GC invocations=19 (full 3):
 PSYoungGen      total 456704K, used 456615K [0x00000000e0000000, 0x00000000fe500000, 0x0000000100000000)
  eden space 442368K, 100% used [0x00000000e0000000,0x00000000fb000000,0x00000000fb000000)
  from space 14336K, 99% used [0x00000000fc480000,0x00000000fd269c38,0x00000000fd280000)
  to   space 18944K, 0% used [0x00000000fd280000,0x00000000fd280000,0x00000000fe500000)
 ParOldGen       total 107520K, used 60691K [0x00000000a0000000, 0x00000000a6900000, 0x00000000e0000000)
  object space 107520K, 56% used [0x00000000a0000000,0x00000000a3b44c50,0x00000000a6900000)
 Metaspace       used 78227K, capacity 84432K, committed 84608K, reserved 1122304K
  class space    used 10142K, capacity 11572K, committed 11648K, reserved 1048576K
Event: 1616.324 GC heap after
Heap after GC invocations=19 (full 3):
 PSYoungGen      total 434688K, used 11979K [0x00000000e0000000, 0x00000000fde80000, 0x0000000100000000)
  eden space 422400K, 0% used [0x00000000e0000000,0x00000000e0000000,0x00000000f9c80000)
  from space 12288K, 97% used [0x00000000fd280000,0x00000000fde32db0,0x00000000fde80000)
  to   space 26112K, 0% used [0x00000000fab80000,0x00000000fab80000,0x00000000fc500000)
 ParOldGen       total 107520K, used 60699K [0x00000000a0000000, 0x00000000a6900000, 0x00000000e0000000)
  object space 107520K, 56% used [0x00000000a0000000,0x00000000a3b46c50,0x00000000a6900000)
 Metaspace       used 78227K, capacity 84432K, committed 84608K, reserved 1122304K
  class space    used 10142K, capacity 11572K, committed 11648K, reserved 1048576K
}
Event: 2027.426 GC heap before
{Heap before GC invocations=20 (full 3):
 PSYoungGen      total 434688K, used 434379K [0x00000000e0000000, 0x00000000fde80000, 0x0000000100000000)
  eden space 422400K, 100% used [0x00000000e0000000,0x00000000f9c80000,0x00000000f9c80000)
  from space 12288K, 97% used [0x00000000fd280000,0x00000000fde32db0,0x00000000fde80000)
  to   space 26112K, 0% used [0x00000000fab80000,0x00000000fab80000,0x00000000fc500000)
 ParOldGen       total 107520K, used 60699K [0x00000000a0000000, 0x00000000a6900000, 0x00000000e0000000)
  object space 107520K, 56% used [0x00000000a0000000,0x00000000a3b46c50,0x00000000a6900000)
 Metaspace       used 82203K, capacity 89668K, committed 89856K, reserved 1126400K
  class space    used 10642K, capacity 12258K, committed 12288K, reserved 1048576K
Event: 2027.454 GC heap after
Heap after GC invocations=20 (full 3):
 PSYoungGen      total 426496K, used 22568K [0x00000000e0000000, 0x00000000fd300000, 0x0000000100000000)
  eden space 403456K, 0% used [0x00000000e0000000,0x00000000e0000000,0x00000000f8a00000)
  from space 23040K, 97% used [0x00000000fab80000,0x00000000fc18a330,0x00000000fc200000)
  to   space 17408K, 0% used [0x00000000fc200000,0x00000000fc200000,0x00000000fd300000)
 ParOldGen       total 107520K, used 60707K [0x00000000a0000000, 0x00000000a6900000, 0x00000000e0000000)
  object space 107520K, 56% used [0x00000000a0000000,0x00000000a3b48c50,0x00000000a6900000)
 Metaspace       used 82203K, capacity 89668K, committed 89856K, reserved 1126400K
  class space    used 10642K, capacity 12258K, committed 12288K, reserved 1048576K
}

Deoptimization events (10 events):
Event: 2029.241 Thread 0x00000000579dd800 Uncommon trap: reason=unstable_if action=reinterpret pc=0x00000000042253d4 method=com.sun.org.apache.xerces.internal.dom.ParentNode.checkNormalizationAfterInsert(Lcom/sun/org/apache/xerces/internal/dom/ChildNode;)V @ 27
Event: 2029.241 Thread 0x00000000579dd800 Uncommon trap: reason=unstable_if action=reinterpret pc=0x0000000003048f38 method=com.sun.org.apache.xerces.internal.dom.ParentNode.checkNormalizationAfterInsert(Lcom/sun/org/apache/xerces/internal/dom/ChildNode;)V @ 27
Event: 2029.265 Thread 0x00000000579dd800 Uncommon trap: reason=null_check action=make_not_entrant pc=0x000000000522f3b0 method=java.lang.ThreadLocal$ThreadLocalMap.set(Ljava/lang/ThreadLocal;Ljava/lang/Object;)V @ 36
Event: 2029.461 Thread 0x00000000579dd800 Uncommon trap: reason=bimorphic action=maybe_recompile pc=0x0000000002b50930 method=java.lang.StringCoding.encode(Ljava/nio/charset/Charset;[CII)[B @ 107
Event: 2030.144 Thread 0x00000000579dd800 Uncommon trap: reason=class_check action=maybe_recompile pc=0x0000000004d07710 method=java.io.FilterInputStream.available()I @ 4
Event: 2032.601 Thread 0x00000000579dd800 Uncommon trap: reason=bimorphic action=maybe_recompile pc=0x0000000002b50930 method=java.lang.StringCoding.encode(Ljava/nio/charset/Charset;[CII)[B @ 107
Event: 2033.075 Thread 0x0000000066f08800 Uncommon trap: reason=unstable_if action=reinterpret pc=0x0000000005051224 method=java.util.concurrent.ConcurrentHashMap.addCount(JI)V @ 34
Event: 2033.078 Thread 0x0000000066f0e800 Uncommon trap: reason=unstable_if action=reinterpret pc=0x0000000003923e24 method=java.util.concurrent.ConcurrentHashMap.addCount(JI)V @ 7
Event: 2033.099 Thread 0x00000000579dd800 Uncommon trap: reason=unstable_if action=reinterpret pc=0x0000000004add0e4 method=java.io.WinNTFileSystem.canonicalize(Ljava/lang/String;)Ljava/lang/String; @ 83
Event: 2051.414 Thread 0x00000000579dd800 Uncommon trap: reason=null_check action=make_not_entrant pc=0x0000000005d0bad8 method=com.sun.org.apache.xerces.internal.dom.NamedNodeMapImpl.findNamePoint(Ljava/lang/String;Ljava/lang/String;)I @ 105

Classes redefined (0 events):
No events

Internal exceptions (10 events):
Event: 2051.162 Thread 0x00000000579dd800 Exception <a 'sun/nio/fs/WindowsException'> (0x00000000ee968088) thrown at [D:\src\AOSP-openjdk-cygwin\jdk8u\hotspot\src\share\vm\prims\jni.cpp, line 709]
Event: 2051.162 Thread 0x00000000579dd800 Exception <a 'sun/nio/fs/WindowsException'> (0x00000000ee96b7f8) thrown at [D:\src\AOSP-openjdk-cygwin\jdk8u\hotspot\src\share\vm\prims\jni.cpp, line 709]
Event: 2051.162 Thread 0x00000000579dd800 Exception <a 'sun/nio/fs/WindowsException'> (0x00000000ee96c390) thrown at [D:\src\AOSP-openjdk-cygwin\jdk8u\hotspot\src\share\vm\prims\jni.cpp, line 709]
Event: 2051.162 Thread 0x00000000579dd800 Exception <a 'sun/nio/fs/WindowsException'> (0x00000000ee96df58) thrown at [D:\src\AOSP-openjdk-cygwin\jdk8u\hotspot\src\share\vm\prims\jni.cpp, line 709]
Event: 2051.162 Thread 0x00000000579dd800 Exception <a 'sun/nio/fs/WindowsException'> (0x00000000ee96eb30) thrown at [D:\src\AOSP-openjdk-cygwin\jdk8u\hotspot\src\share\vm\prims\jni.cpp, line 709]
Event: 2051.163 Thread 0x00000000579dd800 Exception <a 'sun/nio/fs/WindowsException'> (0x00000000ee973068) thrown at [D:\src\AOSP-openjdk-cygwin\jdk8u\hotspot\src\share\vm\prims\jni.cpp, line 709]
Event: 2051.163 Thread 0x00000000579dd800 Exception <a 'sun/nio/fs/WindowsException'> (0x00000000ee973bf0) thrown at [D:\src\AOSP-openjdk-cygwin\jdk8u\hotspot\src\share\vm\prims\jni.cpp, line 709]
Event: 2051.163 Thread 0x00000000579dd800 Exception <a 'sun/nio/fs/WindowsException'> (0x00000000ee9757b8) thrown at [D:\src\AOSP-openjdk-cygwin\jdk8u\hotspot\src\share\vm\prims\jni.cpp, line 709]
Event: 2051.163 Thread 0x00000000579dd800 Exception <a 'sun/nio/fs/WindowsException'> (0x00000000ee976378) thrown at [D:\src\AOSP-openjdk-cygwin\jdk8u\hotspot\src\share\vm\prims\jni.cpp, line 709]
Event: 2051.414 Thread 0x00000000579dd800 Implicit null exception at 0x0000000005d0afee to 0x0000000005d0bab0

Events (10 events):
Event: 2051.257 Executing VM operation: RevokeBias done
Event: 2051.398 Executing VM operation: RevokeBias
Event: 2051.398 Executing VM operation: RevokeBias done
Event: 2051.398 Executing VM operation: RevokeBias
Event: 2051.399 Executing VM operation: RevokeBias done
Event: 2051.399 Executing VM operation: RevokeBias
Event: 2051.399 Executing VM operation: RevokeBias done
Event: 2051.414 Thread 0x00000000579dd800 Uncommon trap: trap_request=0xfffffff4 fr.pc=0x0000000005d0bad8
Event: 2051.414 Thread 0x00000000579dd800 DEOPT PACKING pc=0x0000000005d0bad8 sp=0x000000005c75a8a0
Event: 2051.414 Thread 0x00000000579dd800 DEOPT UNPACKING pc=0x00000000027c556a sp=0x000000005c75a830 mode 2


Dynamic libraries:
0x000000013ffb0000 - 0x000000013ffe1000 	D:\Android Studio\jre\bin\java.exe
0x0000000077960000 - 0x0000000077b09000 	C:\Windows\SYSTEM32\ntdll.dll
0x0000000077840000 - 0x000000007795f000 	C:\Windows\system32\kernel32.dll
0x000007fefd820000 - 0x000007fefd88b000 	C:\Windows\system32\KERNELBASE.dll
0x000007fefedf0000 - 0x000007fefeecb000 	C:\Windows\system32\ADVAPI32.dll
0x000007feff6e0000 - 0x000007feff77f000 	C:\Windows\system32\msvcrt.dll
0x000007fefdd90000 - 0x000007fefddaf000 	C:\Windows\SYSTEM32\sechost.dll
0x000007feff2f0000 - 0x000007feff41d000 	C:\Windows\system32\RPCRT4.dll
0x0000000077740000 - 0x000000007783a000 	C:\Windows\system32\USER32.dll
0x000007feff650000 - 0x000007feff6b7000 	C:\Windows\system32\GDI32.dll
0x000007fefddb0000 - 0x000007fefddbe000 	C:\Windows\system32\LPK.dll
0x000007feff580000 - 0x000007feff649000 	C:\Windows\system32\USP10.dll
0x000007fefbf60000 - 0x000007fefc154000 	C:\Windows\WinSxS\amd64_microsoft.windows.common-controls_6595b64144ccf1df_6.0.7601.17514_none_fa396087175ac9ac\COMCTL32.dll
0x000007fefdb40000 - 0x000007fefdbb1000 	C:\Windows\system32\SHLWAPI.dll
0x000007feff110000 - 0x000007feff13e000 	C:\Windows\system32\IMM32.DLL
0x000007feff1e0000 - 0x000007feff2e9000 	C:\Windows\system32\MSCTF.dll
0x000000005a4b0000 - 0x000000005a582000 	D:\Android Studio\jre\jre\bin\msvcr100.dll
0x00000000595f0000 - 0x0000000059e2e000 	D:\Android Studio\jre\jre\bin\server\jvm.dll
0x000007feed310000 - 0x000007feed319000 	C:\Windows\system32\WSOCK32.dll
0x000007fefdbc0000 - 0x000007fefdc0d000 	C:\Windows\system32\WS2_32.dll
0x000007fefe050000 - 0x000007fefe058000 	C:\Windows\system32\NSI.dll
0x000007fefadd0000 - 0x000007fefae0b000 	C:\Windows\system32\WINMM.dll
0x000007fefc7a0000 - 0x000007fefc7ac000 	C:\Windows\system32\VERSION.dll
0x0000000077b20000 - 0x0000000077b27000 	C:\Windows\system32\PSAPI.DLL
0x000007feeef80000 - 0x000007feeef8f000 	D:\Android Studio\jre\jre\bin\verify.dll
0x000007feeef20000 - 0x000007feeef49000 	D:\Android Studio\jre\jre\bin\java.dll
0x000007feeedf0000 - 0x000007feeee06000 	D:\Android Studio\jre\jre\bin\zip.dll
0x000007fefe060000 - 0x000007fefede8000 	C:\Windows\system32\SHELL32.dll
0x000007fefde40000 - 0x000007fefe043000 	C:\Windows\system32\ole32.dll
0x000007fefd710000 - 0x000007fefd71f000 	C:\Windows\system32\profapi.dll
0x000007feeee90000 - 0x000007feeeeaa000 	D:\Android Studio\jre\jre\bin\net.dll
0x000007fefcf40000 - 0x000007fefcf95000 	C:\Windows\system32\mswsock.dll
0x000007fefcf30000 - 0x000007fefcf37000 	C:\Windows\System32\wship6.dll
0x000007feee730000 - 0x000007feee741000 	D:\Android Studio\jre\jre\bin\nio.dll
0x000007fee55f0000 - 0x000007fee560e000 	C:\Users\Administrator\.gradle\native\25\windows-amd64\native-platform.dll
0x000007feeef70000 - 0x000007feeef7d000 	D:\Android Studio\jre\jre\bin\management.dll
0x000007fefcfa0000 - 0x000007fefcfb7000 	C:\Windows\system32\CRYPTSP.dll
0x000007fefcca0000 - 0x000007fefcce7000 	C:\Windows\system32\rsaenh.dll
0x000007fefca50000 - 0x000007fefca6e000 	C:\Windows\system32\USERENV.dll
0x000007fefd640000 - 0x000007fefd64f000 	C:\Windows\system32\CRYPTBASE.dll
0x000007fefae10000 - 0x000007fefae37000 	C:\Windows\system32\IPHLPAPI.DLL
0x000007fefadc0000 - 0x000007fefadcb000 	C:\Windows\system32\WINNSI.DLL
0x000007fefaac0000 - 0x000007fefaad1000 	C:\Windows\system32\dhcpcsvc6.DLL
0x000007fefaaa0000 - 0x000007fefaab8000 	C:\Windows\system32\dhcpcsvc.DLL
0x000007fefd5e0000 - 0x000007fefd637000 	C:\Windows\system32\apphelp.dll
0x000007fee46e0000 - 0x000007fee4875000 	D:\Android Studio\jre\jre\bin\awt.dll
0x000007fefdcb0000 - 0x000007fefdd87000 	C:\Windows\system32\OLEAUT32.dll
0x000007fee59c0000 - 0x000007fee5d84000 	C:\Windows\system32\d2d1.dll
0x000007fefbdd0000 - 0x000007fefbde8000 	C:\Windows\system32\DWMAPI.DLL
0x000007fef5800000 - 0x000007fef5925000 	C:\Windows\system32\dbghelp.dll

VM Arguments:
jvm_args: -Xmx1536m -Dfile.encoding=windows-1252 -Duser.country=US -Duser.language=en -Duser.variant 
java_command: org.gradle.launcher.daemon.bootstrap.GradleDaemon 4.1
java_class_path (initial): C:\Users\Administrator\.gradle\wrapper\dists\gradle-4.1-all\bzyivzo6n839fup2jbap0tjew\gradle-4.1\lib\gradle-launcher-4.1.jar
Launcher Type: SUN_STANDARD

Environment Variables:
PATH=C:\Windows\system32;C:\Windows;C:\Windows\System32\Wbem;C:\Windows\System32\WindowsPowerShell\v1.0\;C:\Program Files (x86)\NVIDIA Corporation\PhysX\Common;C:\Program Files (x86)\GtkSharp\2.12\bin;D:\Git\cmd;C:\Program Files\Java\jdk-9.0.1\bin;C:\Users\Administrator\AppData\Local\GitHubDesktop\bin
USERNAME=Administrator
OS=Windows_NT
PROCESSOR_IDENTIFIER=Intel64 Family 6 Model 58 Stepping 9, GenuineIntel



---------------  S Y S T E M  ---------------

OS: Windows 7 , 64 bit Build 7601 (6.1.7601.18015)

CPU:total 4 (initial active 4) (4 cores per cpu, 1 threads per core) family 6 model 58 stepping 9, cmov, cx8, fxsr, mmx, sse, sse2, sse3, ssse3, sse4.1, sse4.2, popcnt, avx, aes, clmul, erms, tsc, tscinvbit, tscinv

Memory: 4k page, physical 6235880k(1168308k free), swap 12469916k(6682920k free)

vm_info: OpenJDK 64-Bit Server VM (25.152-b01) for windows-amd64 JRE (1.8.0_152-release-915-b01), built by "builder" with MS VC++ 10.0 (VS2010)

time: Wed Mar 07 18:21:22 2018
elapsed time: 2051 seconds (0d 0h 34m 11s)

