#
# A fatal error has been detected by the Java Runtime Environment:
#
#  EXCEPTION_ACCESS_VIOLATION (0xc0000005) at pc=0x000000005f2fbfb1, pid=5872, tid=0x0000000000000f28
#
# JRE version: OpenJDK Runtime Environment (8.0_152-b01) (build 1.8.0_152-release-915-b01)
# Java VM: OpenJDK 64-Bit Server VM (25.152-b01 mixed mode windows-amd64 compressed oops)
# Problematic frame:
# V  [jvm.dll+0x3cbfb1]
#
# Failed to write core dump. Minidumps are not enabled by default on client versions of Windows
#
# If you would like to submit a bug report, please visit:
#   http://bugreport.java.com/bugreport/crash.jsp
#

---------------  T H R E A D  ---------------

Current thread (0x00000000021de000):  GCTaskThread [stack: 0x0000000012330000,0x0000000012430000] [id=3880]

siginfo: ExceptionCode=0xc0000005, reading address 0x000000020000012c

Registers:
RAX=0x000000020000000c, RBX=0x00000000e8316380, RCX=0x00000000158eae38, RDX=0x00000000561d7000
RSP=0x000000001242f620, RBP=0x000000000be9eef3, RSI=0x00000000561d7000, RDI=0x0000000000000001
R8 =0x00000000e8316380, R9 =0x00000000158eae38, R10=0x0000000000000000, R11=0x000000005f52b4f8
R12=0x0000000011c52778, R13=0x0000000000000001, R14=0x0000000000000001, R15=0x00000000021d9810
RIP=0x000000005f2fbfb1, EFLAGS=0x0000000000010a83

Top of Stack: (sp=0x000000001242f620)
0x000000001242f620:   000000000be9eef3 000000000be9eef3
0x000000001242f630:   00000000561d7000 0000000000000001
0x000000001242f640:   0000000000000000 000000005f2fc2ed
0x000000001242f650:   00000000e8316380 00000000561d7000
0x000000001242f660:   00000000561d7000 000000005f6f3950
0x000000001242f670:   00000000fcad8000 0000000000001000
0x000000001242f680:   000000001242f728 000000000a840000
0x000000001242f690:   0000000000000000 00000000561d7000
0x000000001242f6a0:   0000000011c52778 000000005f2fc440
0x000000001242f6b0:   00000000fcade4f8 0000000011c52781
0x000000001242f6c0:   00000000561d7000 00000000a04ef638
0x000000001242f6d0:   00000000fcade4f8 000000005f2fcfe5
0x000000001242f6e0:   00000000e81193f8 0000000011c52781
0x000000001242f6f0:   00000000561d7000 000000005f2fb88b
0x000000001242f700:   0000000000000145 0000000000470000
0x000000001242f710:   00000000a01e61ec 000000005f01f247 

Instructions: (pc=0x000000005f2fbfb1)
0x000000005f2fbf91:   bb e6 38 00 eb 04 4c 8b 4b 08 41 81 79 08 00 00
0x000000005f2fbfa1:   00 c0 73 12 49 8b 01 4c 8b c3 48 8b d6 49 8b c9
0x000000005f2fbfb1:   ff 90 20 01 00 00 48 8b d7 48 8b cb e8 6e 1a 00
0x000000005f2fbfc1:   00 48 8b c3 48 8b 5c 24 30 48 8b 74 24 38 48 83 


Register to memory mapping:

RAX=0x000000020000000c is an unknown value
RBX=0x00000000e8316380 is an oop

[error occurred during error reporting (printing register info), id 0xc0000005]

Stack: [0x0000000012330000,0x0000000012430000],  sp=0x000000001242f620,  free space=1021k
Native frames: (J=compiled Java code, j=interpreted, Vv=VM code, C=native code)
V  [jvm.dll+0x3cbfb1]
V  [jvm.dll+0x3cc2ed]
V  [jvm.dll+0x3cc440]
V  [jvm.dll+0x3ccfe5]
V  [jvm.dll+0x3bcaff]
V  [jvm.dll+0x3cefa2]
V  [jvm.dll+0x3be2ce]
V  [jvm.dll+0x26d4aa]
C  [msvcr100.dll+0x21d9f]
C  [msvcr100.dll+0x21e3b]
C  [kernel32.dll+0x1652d]
C  [ntdll.dll+0x2c521]


---------------  P R O C E S S  ---------------

Java Threads: ( => current thread )
  0x00000000598f7000 JavaThread "Cache worker for Artifact transforms cache (C:\Users\Administrator\.gradle\caches\transforms-1)" [_thread_blocked, id=4544, stack(0x0000000064060000,0x0000000064160000)]
  0x00000000598f0800 JavaThread "Cache worker for file hash cache (D:\Exercise_1_1\.gradle\4.1\fileHashes)" [_thread_blocked, id=5400, stack(0x00000000621f0000,0x00000000622f0000)]
  0x00000000598e9000 JavaThread "Stdin handler" [_thread_blocked, id=1880, stack(0x0000000061920000,0x0000000061a20000)]
  0x00000000598ed800 JavaThread "Asynchronous log dispatcher for DefaultDaemonConnection: socket connection from /127.0.0.1:49644 to /127.0.0.1:49763" [_thread_blocked, id=4852, stack(0x000000005e500000,0x000000005e600000)]
  0x00000000598ec800 JavaThread "Daemon worker Thread 2" [_thread_blocked, id=3808, stack(0x000000005c9b0000,0x000000005cab0000)]
  0x00000000598eb000 JavaThread "Cancel handler" [_thread_blocked, id=5640, stack(0x000000005b4d0000,0x000000005b5d0000)]
  0x00000000598ef000 JavaThread "Handler for socket connection from /127.0.0.1:49644 to /127.0.0.1:49763" [_thread_in_native, id=5616, stack(0x000000005a6c0000,0x000000005a7c0000)]
  0x00000000598f6800 JavaThread "Daemon Thread 2" [_thread_blocked, id=1440, stack(0x000000005ae60000,0x000000005af60000)]
  0x00000000598ee000 JavaThread "Memory manager" [_thread_blocked, id=5676, stack(0x0000000061a50000,0x0000000061b50000)]
  0x0000000059652800 JavaThread "File lock request listener" [_thread_in_native, id=3256, stack(0x000000005b160000,0x000000005b260000)]
  0x00000000596aa800 JavaThread "Cache worker for file hash cache (C:\Users\Administrator\.gradle\caches\4.1\fileHashes)" [_thread_blocked, id=4688, stack(0x000000005b060000,0x000000005b160000)]
  0x0000000059518800 JavaThread "Daemon periodic checks" [_thread_blocked, id=3612, stack(0x000000005a5a0000,0x000000005a6a0000)]
  0x000000005950a000 JavaThread "Incoming local TCP Connector on port 49644" [_thread_in_native, id=4116, stack(0x000000005a3e0000,0x000000005a4e0000)]
  0x0000000058013800 JavaThread "Service Thread" daemon [_thread_blocked, id=5096, stack(0x0000000058460000,0x0000000058560000)]
  0x000000005624b000 JavaThread "C1 CompilerThread2" daemon [_thread_blocked, id=4952, stack(0x0000000057eb0000,0x0000000057fb0000)]
  0x000000005624a000 JavaThread "C2 CompilerThread1" daemon [_thread_blocked, id=4292, stack(0x0000000057cb0000,0x0000000057db0000)]
  0x0000000056246000 JavaThread "C2 CompilerThread0" daemon [_thread_blocked, id=5580, stack(0x0000000057ba0000,0x0000000057ca0000)]
  0x0000000056243800 JavaThread "Attach Listener" daemon [_thread_blocked, id=5456, stack(0x00000000579c0000,0x0000000057ac0000)]
  0x0000000056240800 JavaThread "Signal Dispatcher" daemon [_thread_blocked, id=5760, stack(0x0000000057850000,0x0000000057950000)]
  0x0000000056228800 JavaThread "Finalizer" daemon [_thread_blocked, id=5868, stack(0x0000000057300000,0x0000000057400000)]
  0x00000000561df800 JavaThread "Reference Handler" daemon [_thread_blocked, id=4856, stack(0x00000000575d0000,0x00000000576d0000)]
  0x000000000218e000 JavaThread "main" [_thread_blocked, id=5884, stack(0x00000000024c0000,0x00000000025c0000)]

Other Threads:
  0x00000000561da000 VMThread [stack: 0x0000000057420000,0x0000000057520000] [id=5820]
  0x0000000058016800 WatcherThread [stack: 0x0000000058580000,0x0000000058680000] [id=5092]

=>0x00000000021de000 (exited) GCTaskThread [stack: 0x0000000012330000,0x0000000012430000] [id=3880]

VM state:at safepoint (normal execution)

VM Mutex/Monitor currently owned by a thread:  ([mutex/lock_event])
[0x000000000218c6e0] Threads_lock - owner thread: 0x00000000561da000
[0x000000000218cbe0] Heap_lock - owner thread: 0x00000000598ec800

Heap:
 PSYoungGen      total 344064K, used 326656K [0x00000000e0000000, 0x00000000fe400000, 0x0000000100000000)
  eden space 326656K, 100% used [0x00000000e0000000,0x00000000f3f00000,0x00000000f3f00000)
  from space 17408K, 0% used [0x00000000f3f00000,0x00000000f3f00000,0x00000000f5000000)
  to   space 27136K, 21% used [0x00000000fc980000,0x00000000fcf40020,0x00000000fe400000)
 ParOldGen       total 1048576K, used 48569K [0x00000000a0000000, 0x00000000e0000000, 0x00000000e0000000)
  object space 1048576K, 4% used [0x00000000a0000000,0x00000000a2f6e4b8,0x00000000e0000000)
 Metaspace       used 63388K, capacity 66488K, committed 66688K, reserved 1105920K
  class space    used 8453K, capacity 9232K, committed 9344K, reserved 1048576K

Card table byte_map: [0x0000000011c50000,0x0000000011f60000] byte_map_base: 0x0000000011750000

Marking Bits: (ParMarkBitMap*) 0x000000005f6f3950
 Begin Bits: [0x0000000012550000, 0x0000000013d50000)
 End Bits:   [0x0000000013d50000, 0x0000000015550000)

Polling page: 0x0000000000230000

CodeCache: size=245760Kb used=27157Kb max_used=27564Kb free=218603Kb
 bounds [0x0000000002890000, 0x00000000043a0000, 0x0000000011890000]
 total_blobs=9266 nmethods=8473 adapters=704
 compilation: enabled

Compilation events (10 events):
Event: 112.667 Thread 0x000000005624b000 10200       3       sun.nio.ch.NativeDispatcher::<init> (5 bytes)
Event: 112.668 Thread 0x000000005624b000 nmethod 10200 0x00000000031f3810 code [0x00000000031f3960, 0x00000000031f3b10]
Event: 112.668 Thread 0x0000000056246000 nmethod 10191 0x00000000040cc910 code [0x00000000040cca80, 0x00000000040cd058]
Event: 112.668 Thread 0x0000000056246000 10195       4       com.sun.org.apache.xerces.internal.impl.dtd.DTDGrammar::createEntityDecl (52 bytes)
Event: 112.671 Thread 0x000000005624b000 10201       3       org.gradle.api.internal.artifacts.ivyservice.ivyresolve.parser.PomReader::resolveDependencyMgt (81 bytes)
Event: 112.673 Thread 0x000000005624b000 nmethod 10201 0x00000000033dcd10 code [0x00000000033dd260, 0x00000000033e0188]
Event: 112.675 Thread 0x000000005624b000 10203       3       org.gradle.internal.component.external.descriptor.MutableModuleDescriptorState::setDescription (6 bytes)
Event: 112.675 Thread 0x000000005624b000 nmethod 10203 0x0000000003337b10 code [0x0000000003337c60, 0x0000000003337dd0]
Event: 112.679 Thread 0x0000000056246000 nmethod 10195 0x0000000003ac8150 code [0x0000000003ac8300, 0x0000000003ac8e38]
Event: 112.679 Thread 0x0000000056246000 10202       4       com.sun.org.apache.xerces.internal.impl.dtd.DTDGrammar::ensureEntityDeclCapacity (261 bytes)

GC Heap History (10 events):
Event: 6.222 GC heap after
Heap after GC invocations=8 (full 1):
 PSYoungGen      total 194560K, used 7477K [0x00000000e0000000, 0x00000000f6100000, 0x0000000100000000)
  eden space 180736K, 0% used [0x00000000e0000000,0x00000000e0000000,0x00000000eb080000)
  from space 13824K, 54% used [0x00000000eb080000,0x00000000eb7cd710,0x00000000ebe00000)
  to   space 13312K, 0% used [0x00000000f5400000,0x00000000f5400000,0x00000000f6100000)
 ParOldGen       total 45056K, used 16349K [0x00000000a0000000, 0x00000000a2c00000, 0x00000000e0000000)
  object space 45056K, 36% used [0x00000000a0000000,0x00000000a0ff7560,0x00000000a2c00000)
 Metaspace       used 34629K, capacity 35304K, committed 35416K, reserved 1079296K
  class space    used 4726K, capacity 5034K, committed 5120K, reserved 1048576K
}
Event: 6.222 GC heap before
{Heap before GC invocations=9 (full 2):
 PSYoungGen      total 194560K, used 7477K [0x00000000e0000000, 0x00000000f6100000, 0x0000000100000000)
  eden space 180736K, 0% used [0x00000000e0000000,0x00000000e0000000,0x00000000eb080000)
  from space 13824K, 54% used [0x00000000eb080000,0x00000000eb7cd710,0x00000000ebe00000)
  to   space 13312K, 0% used [0x00000000f5400000,0x00000000f5400000,0x00000000f6100000)
 ParOldGen       total 45056K, used 16349K [0x00000000a0000000, 0x00000000a2c00000, 0x00000000e0000000)
  object space 45056K, 36% used [0x00000000a0000000,0x00000000a0ff7560,0x00000000a2c00000)
 Metaspace       used 34629K, capacity 35304K, committed 35416K, reserved 1079296K
  class space    used 4726K, capacity 5034K, committed 5120K, reserved 1048576K
Event: 6.283 GC heap after
Heap after GC invocations=9 (full 2):
 PSYoungGen      total 194560K, used 0K [0x00000000e0000000, 0x00000000f6100000, 0x0000000100000000)
  eden space 180736K, 0% used [0x00000000e0000000,0x00000000e0000000,0x00000000eb080000)
  from space 13824K, 0% used [0x00000000eb080000,0x00000000eb080000,0x00000000ebe00000)
  to   space 13312K, 0% used [0x00000000f5400000,0x00000000f5400000,0x00000000f6100000)
 ParOldGen       total 57344K, used 14592K [0x00000000a0000000, 0x00000000a3800000, 0x00000000e0000000)
  object space 57344K, 25% used [0x00000000a0000000,0x00000000a0e403f8,0x00000000a3800000)
 Metaspace       used 34629K, capacity 35304K, committed 35416K, reserved 1079296K
  class space    used 4726K, capacity 5034K, committed 5120K, reserved 1048576K
}
Event: 7.787 GC heap before
{Heap before GC invocations=10 (full 2):
 PSYoungGen      total 194560K, used 180736K [0x00000000e0000000, 0x00000000f6100000, 0x0000000100000000)
  eden space 180736K, 100% used [0x00000000e0000000,0x00000000eb080000,0x00000000eb080000)
  from space 13824K, 0% used [0x00000000eb080000,0x00000000eb080000,0x00000000ebe00000)
  to   space 13312K, 0% used [0x00000000f5400000,0x00000000f5400000,0x00000000f6100000)
 ParOldGen       total 57344K, used 14592K [0x00000000a0000000, 0x00000000a3800000, 0x00000000e0000000)
  object space 57344K, 25% used [0x00000000a0000000,0x00000000a0e403f8,0x00000000a3800000)
 Metaspace       used 49264K, capacity 50684K, committed 50944K, reserved 1093632K
  class space    used 6650K, capacity 7088K, committed 7168K, reserved 1048576K
Event: 7.808 GC heap after
Heap after GC invocations=10 (full 2):
 PSYoungGen      total 324096K, used 13290K [0x00000000e0000000, 0x00000000f6100000, 0x0000000100000000)
  eden space 310784K, 0% used [0x00000000e0000000,0x00000000e0000000,0x00000000f2f80000)
  from space 13312K, 99% used [0x00000000f5400000,0x00000000f60fa9b0,0x00000000f6100000)
  to   space 17408K, 0% used [0x00000000f3f00000,0x00000000f3f00000,0x00000000f5000000)
 ParOldGen       total 57344K, used 19941K [0x00000000a0000000, 0x00000000a3800000, 0x00000000e0000000)
  object space 57344K, 34% used [0x00000000a0000000,0x00000000a13795e8,0x00000000a3800000)
 Metaspace       used 49264K, capacity 50684K, committed 50944K, reserved 1093632K
  class space    used 6650K, capacity 7088K, committed 7168K, reserved 1048576K
}
Event: 9.615 GC heap before
{Heap before GC invocations=11 (full 2):
 PSYoungGen      total 324096K, used 252188K [0x00000000e0000000, 0x00000000f6100000, 0x0000000100000000)
  eden space 310784K, 76% used [0x00000000e0000000,0x00000000ee94c948,0x00000000f2f80000)
  from space 13312K, 99% used [0x00000000f5400000,0x00000000f60fa9b0,0x00000000f6100000)
  to   space 17408K, 0% used [0x00000000f3f00000,0x00000000f3f00000,0x00000000f5000000)
 ParOldGen       total 57344K, used 19941K [0x00000000a0000000, 0x00000000a3800000, 0x00000000e0000000)
  object space 57344K, 34% used [0x00000000a0000000,0x00000000a13795e8,0x00000000a3800000)
 Metaspace       used 56538K, capacity 58910K, committed 59028K, reserved 1099776K
  class space    used 7744K, capacity 8331K, committed 8448K, reserved 1048576K
Event: 9.674 GC heap after
Heap after GC invocations=11 (full 2):
 PSYoungGen      total 344064K, used 17401K [0x00000000e0000000, 0x00000000fe400000, 0x0000000100000000)
  eden space 326656K, 0% used [0x00000000e0000000,0x00000000e0000000,0x00000000f3f00000)
  from space 17408K, 99% used [0x00000000f3f00000,0x00000000f4ffe7b0,0x00000000f5000000)
  to   space 27136K, 0% used [0x00000000fc980000,0x00000000fc980000,0x00000000fe400000)
 ParOldGen       total 57344K, used 38047K [0x00000000a0000000, 0x00000000a3800000, 0x00000000e0000000)
  object space 57344K, 66% used [0x00000000a0000000,0x00000000a2527d10,0x00000000a3800000)
 Metaspace       used 56538K, capacity 58910K, committed 59028K, reserved 1099776K
  class space    used 7744K, capacity 8331K, committed 8448K, reserved 1048576K
}
Event: 9.674 GC heap before
{Heap before GC invocations=12 (full 3):
 PSYoungGen      total 344064K, used 17401K [0x00000000e0000000, 0x00000000fe400000, 0x0000000100000000)
  eden space 326656K, 0% used [0x00000000e0000000,0x00000000e0000000,0x00000000f3f00000)
  from space 17408K, 99% used [0x00000000f3f00000,0x00000000f4ffe7b0,0x00000000f5000000)
  to   space 27136K, 0% used [0x00000000fc980000,0x00000000fc980000,0x00000000fe400000)
 ParOldGen       total 57344K, used 38047K [0x00000000a0000000, 0x00000000a3800000, 0x00000000e0000000)
  object space 57344K, 66% used [0x00000000a0000000,0x00000000a2527d10,0x00000000a3800000)
 Metaspace       used 56538K, capacity 58910K, committed 59028K, reserved 1099776K
  class space    used 7744K, capacity 8331K, committed 8448K, reserved 1048576K
Event: 9.948 GC heap after
Heap after GC invocations=12 (full 3):
 PSYoungGen      total 344064K, used 0K [0x00000000e0000000, 0x00000000fe400000, 0x0000000100000000)
  eden space 326656K, 0% used [0x00000000e0000000,0x00000000e0000000,0x00000000f3f00000)
  from space 17408K, 0% used [0x00000000f3f00000,0x00000000f3f00000,0x00000000f5000000)
  to   space 27136K, 0% used [0x00000000fc980000,0x00000000fc980000,0x00000000fe400000)
 ParOldGen       total 107520K, used 48561K [0x00000000a0000000, 0x00000000a6900000, 0x00000000e0000000)
  object space 107520K, 45% used [0x00000000a0000000,0x00000000a2f6c4b8,0x00000000a6900000)
 Metaspace       used 56538K, capacity 58910K, committed 59028K, reserved 1099776K
  class space    used 7744K, capacity 8331K, committed 8448K, reserved 1048576K
}
Event: 112.679 GC heap before
{Heap before GC invocations=13 (full 3):
 PSYoungGen      total 344064K, used 326656K [0x00000000e0000000, 0x00000000fe400000, 0x0000000100000000)
  eden space 326656K, 100% used [0x00000000e0000000,0x00000000f3f00000,0x00000000f3f00000)
  from space 17408K, 0% used [0x00000000f3f00000,0x00000000f3f00000,0x00000000f5000000)
  to   space 27136K, 0% used [0x00000000fc980000,0x00000000fc980000,0x00000000fe400000)
 ParOldGen       total 107520K, used 48561K [0x00000000a0000000, 0x00000000a6900000, 0x00000000e0000000)
  object space 107520K, 45% used [0x00000000a0000000,0x00000000a2f6c4b8,0x00000000a6900000)
 Metaspace       used 63388K, capacity 66488K, committed 66688K, reserved 1105920K
  class space    used 8453K, capacity 9232K, committed 9344K, reserved 1048576K

Deoptimization events (10 events):
Event: 112.466 Thread 0x00000000598ec800 Uncommon trap: reason=class_check action=maybe_recompile pc=0x00000000041dbb48 method=com.sun.org.apache.xerces.internal.dom.NodeImpl.getOwnerDocument()Lorg/w3c/dom/Document; @ 19
Event: 112.466 Thread 0x00000000598ec800 Uncommon trap: reason=bimorphic action=maybe_recompile pc=0x0000000002a78fec method=com.sun.org.apache.xerces.internal.dom.AttributeMap.setNamedItem(Lorg/w3c/dom/Node;)Lorg/w3c/dom/Node; @ 4
Event: 112.466 Thread 0x00000000598ec800 Uncommon trap: reason=class_check action=maybe_recompile pc=0x00000000041dbb48 method=com.sun.org.apache.xerces.internal.dom.NodeImpl.getOwnerDocument()Lorg/w3c/dom/Document; @ 19
Event: 112.468 Thread 0x00000000598ec800 Uncommon trap: reason=bimorphic action=maybe_recompile pc=0x0000000002a78fec method=com.sun.org.apache.xerces.internal.dom.AttributeMap.setNamedItem(Lorg/w3c/dom/Node;)Lorg/w3c/dom/Node; @ 4
Event: 112.468 Thread 0x00000000598ec800 Uncommon trap: reason=class_check action=maybe_recompile pc=0x00000000041dbb48 method=com.sun.org.apache.xerces.internal.dom.NodeImpl.getOwnerDocument()Lorg/w3c/dom/Document; @ 19
Event: 112.519 Thread 0x00000000598ec800 Uncommon trap: reason=unstable_if action=reinterpret pc=0x00000000041fcca0 method=com.sun.org.apache.xerces.internal.dom.NodeImpl.isNormalized(Z)V @ 1
Event: 112.551 Thread 0x00000000598ec800 Uncommon trap: reason=speculate_class_check action=maybe_recompile pc=0x000000000338de6c method=com.sun.org.apache.xerces.internal.dom.AttrImpl.getNodeName()Ljava/lang/String; @ 8
Event: 112.551 Thread 0x00000000598ec800 Uncommon trap: reason=speculate_class_check action=maybe_recompile pc=0x000000000338de6c method=com.sun.org.apache.xerces.internal.dom.AttrImpl.getNodeName()Ljava/lang/String; @ 8
Event: 112.551 Thread 0x00000000598ec800 Uncommon trap: reason=speculate_class_check action=maybe_recompile pc=0x000000000338de6c method=com.sun.org.apache.xerces.internal.dom.AttrImpl.getNodeName()Ljava/lang/String; @ 8
Event: 112.553 Thread 0x00000000598ec800 Uncommon trap: reason=speculate_class_check action=maybe_recompile pc=0x000000000338de6c method=com.sun.org.apache.xerces.internal.dom.AttrImpl.getNodeName()Ljava/lang/String; @ 8

Classes redefined (0 events):
No events

Internal exceptions (10 events):
Event: 17.002 Thread 0x00000000598f4000 Exception <a 'sun/nio/fs/WindowsException'> (0x00000000f15bdc38) thrown at [D:\src\AOSP-openjdk-cygwin\jdk8u\hotspot\src\share\vm\prims\jni.cpp, line 709]
Event: 17.013 Thread 0x000000005957f000 Exception <a 'sun/nio/fs/WindowsException'> (0x00000000e662cd20) thrown at [D:\src\AOSP-openjdk-cygwin\jdk8u\hotspot\src\share\vm\prims\jni.cpp, line 709]
Event: 112.351 Thread 0x00000000598ec800 Exception <a 'java/lang/NoSuchMethodError': <clinit>> (0x00000000f1cc1890) thrown at [D:\src\AOSP-openjdk-cygwin\jdk8u\hotspot\src\share\vm\prims\jni.cpp, line 1613]
Event: 112.358 Thread 0x00000000598ec800 Exception <a 'java/lang/NoSuchMethodError': <clinit>> (0x00000000f1d0a940) thrown at [D:\src\AOSP-openjdk-cygwin\jdk8u\hotspot\src\share\vm\prims\jni.cpp, line 1613]
Event: 112.360 Thread 0x00000000598ec800 Exception <a 'java/lang/NoSuchMethodError': <clinit>> (0x00000000f1e00bb8) thrown at [D:\src\AOSP-openjdk-cygwin\jdk8u\hotspot\src\share\vm\prims\jni.cpp, line 1613]
Event: 112.367 Thread 0x00000000598ec800 Exception <a 'java/lang/NoSuchMethodError': <clinit>> (0x00000000f1e6bd18) thrown at [D:\src\AOSP-openjdk-cygwin\jdk8u\hotspot\src\share\vm\prims\jni.cpp, line 1613]
Event: 112.367 Thread 0x00000000598ec800 Exception <a 'java/lang/NoSuchMethodError': <clinit>> (0x00000000f1e6f970) thrown at [D:\src\AOSP-openjdk-cygwin\jdk8u\hotspot\src\share\vm\prims\jni.cpp, line 1613]
Event: 112.367 Thread 0x00000000598ec800 Exception <a 'java/lang/NoSuchMethodError': <clinit>> (0x00000000f1e71478) thrown at [D:\src\AOSP-openjdk-cygwin\jdk8u\hotspot\src\share\vm\prims\jni.cpp, line 1613]
Event: 112.382 Thread 0x00000000598ec800 Exception <a 'java/lang/ClassNotFoundException': sync_local_repo4298_669p600mtakw4y5ngeyus2g8bBeanInfo> (0x00000000f1ee3d50) thrown at [D:\src\AOSP-openjdk-cygwin\jdk8u\hotspot\src\share\vm\classfile\systemDictionary.cpp, line 210]
Event: 112.383 Thread 0x00000000598ec800 Exception <a 'java/lang/ClassNotFoundException': sync_local_repo4298_669p600mtakw4y5ngeyus2g8bCustomizer> (0x00000000f20c1180) thrown at [D:\src\AOSP-openjdk-cygwin\jdk8u\hotspot\src\share\vm\classfile\systemDictionary.cpp, line 210]

Events (10 events):
Event: 112.662 Thread 0x00000000598ec800 DEOPT UNPACKING pc=0x00000000028d75bf sp=0x000000005caa8588 mode 0
Event: 112.662 Thread 0x00000000598ec800 DEOPT PACKING pc=0x0000000003306894 sp=0x000000005caa8690
Event: 112.662 Thread 0x00000000598ec800 DEOPT UNPACKING pc=0x00000000028d75bf sp=0x000000005caa84a8 mode 0
Event: 112.662 Thread 0x00000000598ec800 DEOPT PACKING pc=0x0000000003306894 sp=0x000000005caa8800
Event: 112.662 Thread 0x00000000598ec800 DEOPT UNPACKING pc=0x00000000028d75bf sp=0x000000005caa8618 mode 0
Event: 112.663 Thread 0x00000000598ec800 DEOPT PACKING pc=0x0000000003306894 sp=0x000000005caa8690
Event: 112.663 Thread 0x00000000598ec800 DEOPT UNPACKING pc=0x00000000028d75bf sp=0x000000005caa84a8 mode 0
Event: 112.668 Thread 0x00000000598ec800 DEOPT PACKING pc=0x0000000003306894 sp=0x000000005caa95a0
Event: 112.668 Thread 0x00000000598ec800 DEOPT UNPACKING pc=0x00000000028d75bf sp=0x000000005caa93b8 mode 0
Event: 112.679 Executing VM operation: ParallelGCFailedAllocation


Dynamic libraries:
0x000000013f1f0000 - 0x000000013f221000 	D:\Android Studio\jre\bin\java.exe
0x0000000077c90000 - 0x0000000077e39000 	C:\Windows\SYSTEM32\ntdll.dll
0x0000000077b70000 - 0x0000000077c8f000 	C:\Windows\system32\kernel32.dll
0x000007fefdbc0000 - 0x000007fefdc2b000 	C:\Windows\system32\KERNELBASE.dll
0x000007fefeb10000 - 0x000007fefebeb000 	C:\Windows\system32\ADVAPI32.dll
0x000007fefff00000 - 0x000007fefff9f000 	C:\Windows\system32\msvcrt.dll
0x000007fefeaf0000 - 0x000007fefeb0f000 	C:\Windows\SYSTEM32\sechost.dll
0x000007fefe0d0000 - 0x000007fefe1fd000 	C:\Windows\system32\RPCRT4.dll
0x0000000077a70000 - 0x0000000077b6a000 	C:\Windows\system32\USER32.dll
0x000007fefea80000 - 0x000007fefeae7000 	C:\Windows\system32\GDI32.dll
0x000007feffc30000 - 0x000007feffc3e000 	C:\Windows\system32\LPK.dll
0x000007fefebf0000 - 0x000007fefecb9000 	C:\Windows\system32\USP10.dll
0x000007fefd550000 - 0x000007fefd744000 	C:\Windows\WinSxS\amd64_microsoft.windows.common-controls_6595b64144ccf1df_6.0.7601.17514_none_fa396087175ac9ac\COMCTL32.dll
0x000007fefe2f0000 - 0x000007fefe361000 	C:\Windows\system32\SHLWAPI.dll
0x000007fefe0a0000 - 0x000007fefe0ce000 	C:\Windows\system32\IMM32.DLL
0x000007fefe910000 - 0x000007fefea19000 	C:\Windows\system32\MSCTF.dll
0x000000005d250000 - 0x000000005d322000 	D:\Android Studio\jre\jre\bin\msvcr100.dll
0x000000005ef30000 - 0x000000005f76e000 	D:\Android Studio\jre\jre\bin\server\jvm.dll
0x000007feed980000 - 0x000007feed989000 	C:\Windows\system32\WSOCK32.dll
0x000007fefe200000 - 0x000007fefe24d000 	C:\Windows\system32\WS2_32.dll
0x000007fefe900000 - 0x000007fefe908000 	C:\Windows\system32\NSI.dll
0x000007fefa8f0000 - 0x000007fefa92b000 	C:\Windows\system32\WINMM.dll
0x000007fefc690000 - 0x000007fefc69c000 	C:\Windows\system32\VERSION.dll
0x0000000077e60000 - 0x0000000077e67000 	C:\Windows\system32\PSAPI.DLL
0x000007fef7f40000 - 0x000007fef7f4f000 	D:\Android Studio\jre\jre\bin\verify.dll
0x000007fef7eb0000 - 0x000007fef7ed9000 	D:\Android Studio\jre\jre\bin\java.dll
0x000007fef7f20000 - 0x000007fef7f36000 	D:\Android Studio\jre\jre\bin\zip.dll
0x000007fefecc0000 - 0x000007feffa48000 	C:\Windows\system32\SHELL32.dll
0x000007fefde70000 - 0x000007fefe073000 	C:\Windows\system32\ole32.dll
0x000007fefda40000 - 0x000007fefda4f000 	C:\Windows\system32\profapi.dll
0x000007fef7e90000 - 0x000007fef7eaa000 	D:\Android Studio\jre\jre\bin\net.dll
0x000007fefcf70000 - 0x000007fefcfc5000 	C:\Windows\system32\mswsock.dll
0x000007fefcf60000 - 0x000007fefcf67000 	C:\Windows\System32\wship6.dll
0x000007fef7e70000 - 0x000007fef7e81000 	D:\Android Studio\jre\jre\bin\nio.dll
0x000007feee600000 - 0x000007feee61e000 	C:\Users\Administrator\.gradle\native\25\windows-amd64\native-platform.dll
0x000007fef7f50000 - 0x000007fef7f5d000 	D:\Android Studio\jre\jre\bin\management.dll
0x000007fefcfd0000 - 0x000007fefcfe7000 	C:\Windows\system32\CRYPTSP.dll
0x000007fefccd0000 - 0x000007fefcd17000 	C:\Windows\system32\rsaenh.dll
0x000007fefc5c0000 - 0x000007fefc5de000 	C:\Windows\system32\USERENV.dll
0x000007fefd970000 - 0x000007fefd97f000 	C:\Windows\system32\CRYPTBASE.dll
0x000007fefa730000 - 0x000007fefa757000 	C:\Windows\system32\IPHLPAPI.DLL
0x000007fefa720000 - 0x000007fefa72b000 	C:\Windows\system32\WINNSI.DLL
0x000007fef9fe0000 - 0x000007fef9ff1000 	C:\Windows\system32\dhcpcsvc6.DLL
0x000007fef9fc0000 - 0x000007fef9fd8000 	C:\Windows\system32\dhcpcsvc.DLL
0x000007fefd8d0000 - 0x000007fefd927000 	C:\Windows\system32\apphelp.dll
0x000007fef5f80000 - 0x000007fef60a5000 	C:\Windows\system32\dbghelp.dll

VM Arguments:
jvm_args: -Xmx1536m -Dfile.encoding=windows-1252 -Duser.country=US -Duser.language=en -Duser.variant 
java_command: org.gradle.launcher.daemon.bootstrap.GradleDaemon 4.1
java_class_path (initial): C:\Users\Administrator\.gradle\wrapper\dists\gradle-4.1-all\bzyivzo6n839fup2jbap0tjew\gradle-4.1\lib\gradle-launcher-4.1.jar
Launcher Type: SUN_STANDARD

Environment Variables:
PATH=C:\Windows\system32;C:\Windows;C:\Windows\System32\Wbem;C:\Windows\System32\WindowsPowerShell\v1.0\;C:\Program Files (x86)\NVIDIA Corporation\PhysX\Common;C:\Program Files (x86)\GtkSharp\2.12\bin;D:\Git\cmd;C:\Program Files\Java\jdk-9.0.1\bin;C:\Users\Administrator\AppData\Local\GitHubDesktop\bin
USERNAME=Administrator
OS=Windows_NT
PROCESSOR_IDENTIFIER=Intel64 Family 6 Model 58 Stepping 9, GenuineIntel



---------------  S Y S T E M  ---------------

OS: Windows 7 , 64 bit Build 7601 (6.1.7601.18015)

CPU:total 4 (initial active 4) (4 cores per cpu, 1 threads per core) family 6 model 58 stepping 9, cmov, cx8, fxsr, mmx, sse, sse2, sse3, ssse3, sse4.1, sse4.2, popcnt, avx, aes, clmul, erms, tsc, tscinvbit, tscinv

Memory: 4k page, physical 6235880k(2735780k free), swap 12469916k(7641856k free)

vm_info: OpenJDK 64-Bit Server VM (25.152-b01) for windows-amd64 JRE (1.8.0_152-release-915-b01), built by "builder" with MS VC++ 10.0 (VS2010)

time: Wed Mar 07 18:41:07 2018
elapsed time: 112 seconds (0d 0h 1m 52s)

