#
# A fatal error has been detected by the Java Runtime Environment:
#
#  EXCEPTION_ACCESS_VIOLATION (0xc0000005) at pc=0x000000005f3bccbf, pid=3544, tid=0x00000000000011a8
#
# JRE version: OpenJDK Runtime Environment (8.0_152-b01) (build 1.8.0_152-release-915-b01)
# Java VM: OpenJDK 64-Bit Server VM (25.152-b01 mixed mode windows-amd64 compressed oops)
# Problematic frame:
# V  [jvm.dll+0x48ccbf]
#
# Failed to write core dump. Minidumps are not enabled by default on client versions of Windows
#
# If you would like to submit a bug report, please visit:
#   http://bugreport.java.com/bugreport/crash.jsp
#

---------------  T H R E A D  ---------------

Current thread (0x0000000056566000):  JavaThread "C2 CompilerThread0" daemon [_thread_in_native, id=4520, stack(0x0000000057b70000,0x0000000057c70000)]

siginfo: ExceptionCode=0xc0000005, reading address 0x0000000000000008

Registers:
RAX=0x0000000000000000, RBX=0x0000000000000000, RCX=0x000000005a9bc8c0, RDX=0x0000000000002000
RSP=0x0000000057c6b800, RBP=0x000000006384a0e8, RSI=0x000000005a9bc8c0, RDI=0x0000000057c6bd40
R8 =0x0000000000000000, R9 =0x000000005e11eb50, R10=0x0000000057c6bd40, R11=0x000000005fc08ef0
R12=0x000000005db89f38, R13=0x00000000597b8480, R14=0x0000000057c6b8e8, R15=0x0000000057c6b908
RIP=0x000000005f3bccbf, EFLAGS=0x0000000000010287

Top of Stack: (sp=0x0000000057c6b800)
0x0000000057c6b800:   000000006384a918 000000006384a0e8
0x0000000057c6b810:   00000000000006a5 000000006097b6c0
0x0000000057c6b820:   000000006384a0e8 0000000057c6b958
0x0000000057c6b830:   0000000000000000 000000005f3be4d9
0x0000000057c6b840:   000000006384a918 00000000000006a5
0x0000000057c6b850:   0000000000000001 0000000056564be0
0x0000000057c6b860:   0000000057c6c718 000000005f4085c0
0x0000000057c6b870:   000000005ad81e00 0000000056564be0
0x0000000057c6b880:   000000005a18e130 0000000057c6b9b0
0x0000000057c6b890:   0000000056564be0 0000000000000001
0x0000000057c6b8a0:   0000000057c6bd40 000000005f3c0283
0x0000000057c6b8b0:   0000000057c6bd40 0000000000000001
0x0000000057c6b8c0:   0000000000000001 0000000057c6b958
0x0000000057c6b8d0:   000000005ad81e50 000000005ad89de8
0x0000000057c6b8e0:   00000000000c0130 0000000056564be0
0x0000000057c6b8f0:   0000000000000800 000000005a058c00 

Instructions: (pc=0x000000005f3bccbf)
0x000000005f3bcc9f:   4c 89 64 24 50 4c 8b e0 4c 3b e8 0f 84 4f 01 00
0x000000005f3bccaf:   00 44 8b 43 28 4c 8b 8f f8 09 00 00 4b 8b 1c c1
0x000000005f3bccbf:   48 8b 43 08 48 83 38 00 75 2a 8b 57 28 0f 1f 40
0x000000005f3bcccf:   00 8b 43 28 3b c2 73 0c 8b c8 48 8b 47 30 48 8b 


Register to memory mapping:

RAX=0x0000000000000000 is an unknown value
RBX=0x0000000000000000 is an unknown value
RCX=0x000000005a9bc8c0 is an unknown value
RDX=0x0000000000002000 is an unknown value
RSP=0x0000000057c6b800 is pointing into the stack for thread: 0x0000000056566000
RBP=0x000000006384a0e8 is an unknown value
RSI=0x000000005a9bc8c0 is an unknown value
RDI=0x0000000057c6bd40 is pointing into the stack for thread: 0x0000000056566000
R8 =0x0000000000000000 is an unknown value
R9 =0x000000005e11eb50 is an unknown value
R10=0x0000000057c6bd40 is pointing into the stack for thread: 0x0000000056566000
R11=0x000000005fc08ef0 is an unknown value
R12=0x000000005db89f38 is an unknown value
R13=0x00000000597b8480 is an unknown value
R14=0x0000000057c6b8e8 is pointing into the stack for thread: 0x0000000056566000
R15=0x0000000057c6b908 is pointing into the stack for thread: 0x0000000056566000


Stack: [0x0000000057b70000,0x0000000057c70000],  sp=0x0000000057c6b800,  free space=1006k
Native frames: (J=compiled Java code, j=interpreted, Vv=VM code, C=native code)
V  [jvm.dll+0x48ccbf]
V  [jvm.dll+0x48e4d9]
V  [jvm.dll+0x490283]
V  [jvm.dll+0x4405ac]
V  [jvm.dll+0x4419d2]
V  [jvm.dll+0x424b32]
V  [jvm.dll+0x80fa9]
V  [jvm.dll+0x818df]
V  [jvm.dll+0x21d06f]
V  [jvm.dll+0x26d4aa]
C  [msvcr100.dll+0x21d9f]
C  [msvcr100.dll+0x21e3b]
C  [kernel32.dll+0x1652d]
C  [ntdll.dll+0x2c521]


Current CompileTask:
C2: 372966 18798 % !   4       com.android.ide.common.res2.DataMerger::mergeData @ 239 (603 bytes)


---------------  P R O C E S S  ---------------

Java Threads: ( => current thread )
  0x00000000606bf800 JavaThread "stdout" daemon [_thread_in_native, id=4500, stack(0x0000000067340000,0x0000000067440000)]
  0x00000000606bc800 JavaThread "stderr" daemon [_thread_in_native, id=2496, stack(0x0000000066870000,0x0000000066970000)]
  0x00000000606b9800 JavaThread "stdout" daemon [_thread_in_native, id=716, stack(0x0000000066420000,0x0000000066520000)]
  0x00000000606bb800 JavaThread "stderr" daemon [_thread_in_native, id=5604, stack(0x0000000066250000,0x0000000066350000)]
  0x000000005809b000 JavaThread "stdout" daemon [_thread_in_native, id=5980, stack(0x00000000660b0000,0x00000000661b0000)]
  0x000000005809f800 JavaThread "stderr" daemon [_thread_in_native, id=5436, stack(0x0000000065e20000,0x0000000065f20000)]
  0x000000005809a000 JavaThread "stdout" daemon [_thread_in_native, id=3972, stack(0x0000000065c50000,0x0000000065d50000)]
  0x000000005809e800 JavaThread "stderr" daemon [_thread_in_native, id=1724, stack(0x0000000064aa0000,0x0000000064ba0000)]
  0x00000000580a0000 JavaThread "queued-resource-processor_40" daemon [_thread_blocked, id=1988, stack(0x0000000065ab0000,0x0000000065bb0000)]
  0x0000000058099800 JavaThread "queued-resource-processor_39" daemon [_thread_blocked, id=2808, stack(0x0000000065540000,0x0000000065640000)]
  0x000000005809d000 JavaThread "queued-resource-processor_38" daemon [_thread_blocked, id=4684, stack(0x0000000064ba0000,0x0000000064ca0000)]
  0x000000005809e000 JavaThread "queued-resource-processor_37" daemon [_thread_blocked, id=3348, stack(0x000000005b9b0000,0x000000005bab0000)]
  0x0000000061706000 JavaThread "Task worker for ':' Thread 3" [_thread_blocked, id=5136, stack(0x0000000065960000,0x0000000065a60000)]
  0x0000000061707000 JavaThread "Task worker for ':' Thread 2" [_thread_blocked, id=1440, stack(0x0000000065000000,0x0000000065100000)]
  0x0000000061707800 JavaThread "Task worker for ':'" [_thread_blocked, id=3008, stack(0x0000000064e60000,0x0000000064f60000)]
  0x000000005f823800 JavaThread "Cache worker for task history cache (D:\Exercise_1_1\.gradle\4.1\taskHistory)" [_thread_blocked, id=1496, stack(0x0000000064cc0000,0x0000000064dc0000)]
  0x000000005f81d000 JavaThread "build operations Thread 4" [_thread_blocked, id=1224, stack(0x0000000064280000,0x0000000064380000)]
  0x000000005f81a800 JavaThread "build operations Thread 3" [_thread_blocked, id=3672, stack(0x000000005b6b0000,0x000000005b7b0000)]
  0x000000005f817800 JavaThread "build operations Thread 2" [_thread_blocked, id=5940, stack(0x00000000640d0000,0x00000000641d0000)]
  0x000000005f825000 JavaThread "build operations" [_thread_blocked, id=3736, stack(0x000000005e5c0000,0x000000005e6c0000)]
  0x000000005f81c000 JavaThread "Cache worker for Artifact transforms cache (C:\Users\Administrator\.gradle\caches\transforms-1)" [_thread_blocked, id=5844, stack(0x0000000062990000,0x0000000062a90000)]
  0x000000005f81b800 JavaThread "Cache worker for file hash cache (D:\Exercise_1_1\.gradle\4.1\fileHashes)" [_thread_blocked, id=5896, stack(0x000000005d160000,0x000000005d260000)]
  0x000000005f822000 JavaThread "Stdin handler" [_thread_blocked, id=5584, stack(0x000000005cb70000,0x000000005cc70000)]
  0x000000005f820000 JavaThread "Asynchronous log dispatcher for DefaultDaemonConnection: socket connection from /127.0.0.1:49231 to /127.0.0.1:49613" [_thread_blocked, id=5588, stack(0x000000005cf70000,0x000000005d070000)]
  0x000000005f820800 JavaThread "Cancel handler" [_thread_blocked, id=516, stack(0x0000000057c80000,0x0000000057d80000)]
  0x000000005f81a000 JavaThread "Handler for socket connection from /127.0.0.1:49231 to /127.0.0.1:49613" [_thread_in_native, id=5280, stack(0x000000005bda0000,0x000000005bea0000)]
  0x000000005f826000 JavaThread "Daemon worker Thread 3" [_thread_blocked, id=5904, stack(0x000000005b480000,0x000000005b580000)]
  0x000000005f824800 JavaThread "Daemon Thread 3" [_thread_blocked, id=5892, stack(0x000000005b5b0000,0x000000005b6b0000)]
  0x000000005809b800 JavaThread "Java2D Disposer" daemon [_thread_blocked, id=5012, stack(0x0000000066540000,0x0000000066640000)]
  0x000000005f81d800 JavaThread "Memory manager" [_thread_blocked, id=4528, stack(0x000000005edf0000,0x000000005eef0000)]
  0x0000000059ee1800 JavaThread "File lock request listener" [_thread_in_native, id=5112, stack(0x000000005bf50000,0x000000005c050000)]
  0x0000000059ee9000 JavaThread "Cache worker for file hash cache (C:\Users\Administrator\.gradle\caches\4.1\fileHashes)" [_thread_blocked, id=4928, stack(0x000000005c0a0000,0x000000005c1a0000)]
  0x0000000059357000 JavaThread "Daemon periodic checks" [_thread_blocked, id=3968, stack(0x000000005b380000,0x000000005b480000)]
  0x0000000059662800 JavaThread "Incoming local TCP Connector on port 49231" [_thread_in_native, id=2876, stack(0x000000005b200000,0x000000005b300000)]
  0x0000000057f23000 JavaThread "Service Thread" daemon [_thread_blocked, id=2332, stack(0x00000000584b0000,0x00000000585b0000)]
  0x000000005656f000 JavaThread "C1 CompilerThread2" daemon [_thread_blocked, id=1924, stack(0x0000000058360000,0x0000000058460000)]
  0x000000005656d800 JavaThread "C2 CompilerThread1" daemon [_thread_in_vm, id=4340, stack(0x0000000057db0000,0x0000000057eb0000)]
=>0x0000000056566000 JavaThread "C2 CompilerThread0" daemon [_thread_in_native, id=4520, stack(0x0000000057b70000,0x0000000057c70000)]
  0x0000000056563800 JavaThread "Attach Listener" daemon [_thread_blocked, id=4588, stack(0x00000000024f0000,0x00000000025f0000)]
  0x0000000056560800 JavaThread "Signal Dispatcher" daemon [_thread_blocked, id=3560, stack(0x0000000057980000,0x0000000057a80000)]
  0x0000000056548800 JavaThread "Finalizer" daemon [_thread_blocked, id=3600, stack(0x0000000057700000,0x0000000057800000)]
  0x00000000564ff800 JavaThread "Reference Handler" daemon [_thread_blocked, id=3316, stack(0x0000000057590000,0x0000000057690000)]
  0x000000000231e000 JavaThread "main" [_thread_blocked, id=3448, stack(0x00000000025f0000,0x00000000026f0000)]

Other Threads:
  0x00000000564fa000 VMThread [stack: 0x0000000057390000,0x0000000057490000] [id=3320]
  0x0000000057f2e800 WatcherThread [stack: 0x00000000585d0000,0x00000000586d0000] [id=2516]

VM state:not at safepoint (normal execution)

VM Mutex/Monitor currently owned by a thread: None

Heap:
 PSYoungGen      total 481792K, used 369903K [0x00000000e0000000, 0x0000000100000000, 0x0000000100000000)
  eden space 445440K, 78% used [0x00000000e0000000,0x00000000f5457330,0x00000000fb300000)
  from space 36352K, 58% used [0x00000000fd680000,0x00000000feb649f0,0x00000000ffa00000)
  to   space 36352K, 0% used [0x00000000fb300000,0x00000000fb300000,0x00000000fd680000)
 ParOldGen       total 128000K, used 90528K [0x00000000a0000000, 0x00000000a7d00000, 0x00000000e0000000)
  object space 128000K, 70% used [0x00000000a0000000,0x00000000a58683e8,0x00000000a7d00000)
 Metaspace       used 82689K, capacity 88486K, committed 88704K, reserved 1126400K
  class space    used 10714K, capacity 12034K, committed 12160K, reserved 1048576K

Card table byte_map: [0x0000000011d80000,0x0000000012090000] byte_map_base: 0x0000000011880000

Marking Bits: (ParMarkBitMap*) 0x000000005f6f3950
 Begin Bits: [0x0000000012870000, 0x0000000014070000)
 End Bits:   [0x0000000014070000, 0x0000000015870000)

Polling page: 0x0000000000130000

CodeCache: size=245760Kb used=50344Kb max_used=50351Kb free=195415Kb
 bounds [0x00000000029c0000, 0x0000000005b40000, 0x00000000119c0000]
 total_blobs=15894 nmethods=14937 adapters=866
 compilation: enabled

Compilation events (10 events):
Event: 372.758 Thread 0x000000005656f000 18803   !   3       com.android.ide.common.res2.ResourceMerger::mergeItems (519 bytes)
Event: 372.761 Thread 0x000000005656f000 nmethod 18803 0x0000000005b2ced0 code [0x0000000005b2d440, 0x0000000005b31088]
Event: 372.779 Thread 0x0000000056566000 nmethod 18787 0x0000000005b16e50 code [0x0000000005b17000, 0x0000000005b17d38]
Event: 372.779 Thread 0x0000000056566000 18796       4       com.android.ide.common.res2.ResourceItem::getSourceType (47 bytes)
Event: 372.780 Thread 0x0000000056566000 nmethod 18796 0x000000000386f9d0 code [0x000000000386fb20, 0x000000000386fbb8]
Event: 372.780 Thread 0x0000000056566000 18794       4       com.google.common.collect.Maps$1::transform (6 bytes)
Event: 372.782 Thread 0x0000000056566000 nmethod 18794 0x00000000039c3550 code [0x00000000039c36c0, 0x00000000039c38b8]
Event: 372.782 Thread 0x0000000056566000 18798 % !   4       com.android.ide.common.res2.DataMerger::mergeData @ 239 (603 bytes)
Event: 372.830 Thread 0x000000005656d800 nmethod 18789 0x0000000005b38610 code [0x0000000005b38a20, 0x0000000005b3b978]
Event: 372.830 Thread 0x000000005656d800 18790       4       com.sun.org.apache.xerces.internal.impl.XMLDTDScannerImpl::<init> (137 bytes)

GC Heap History (10 events):
Event: 48.715 GC heap before
{Heap before GC invocations=15 (full 3):
 PSYoungGen      total 354304K, used 346948K [0x00000000e0000000, 0x00000000fc380000, 0x0000000100000000)
  eden space 329216K, 100% used [0x00000000e0000000,0x00000000f4180000,0x00000000f4180000)
  from space 25088K, 70% used [0x00000000f4180000,0x00000000f52d1170,0x00000000f5a00000)
  to   space 26112K, 0% used [0x00000000faa00000,0x00000000faa00000,0x00000000fc380000)
 ParOldGen       total 128000K, used 50351K [0x00000000a0000000, 0x00000000a7d00000, 0x00000000e0000000)
  object space 128000K, 39% used [0x00000000a0000000,0x00000000a312bfa0,0x00000000a7d00000)
 Metaspace       used 67170K, capacity 70560K, committed 70656K, reserved 1110016K
  class space    used 8813K, capacity 9664K, committed 9728K, reserved 1048576K
Event: 48.730 GC heap after
Heap after GC invocations=15 (full 3):
 PSYoungGen      total 408576K, used 9955K [0x00000000e0000000, 0x00000000fb500000, 0x0000000100000000)
  eden space 397312K, 0% used [0x00000000e0000000,0x00000000e0000000,0x00000000f8400000)
  from space 11264K, 88% used [0x00000000faa00000,0x00000000fb3b8f58,0x00000000fb500000)
  to   space 25088K, 0% used [0x00000000f8400000,0x00000000f8400000,0x00000000f9c80000)
 ParOldGen       total 128000K, used 50359K [0x00000000a0000000, 0x00000000a7d00000, 0x00000000e0000000)
  object space 128000K, 39% used [0x00000000a0000000,0x00000000a312dfa0,0x00000000a7d00000)
 Metaspace       used 67170K, capacity 70560K, committed 70656K, reserved 1110016K
  class space    used 8813K, capacity 9664K, committed 9728K, reserved 1048576K
}
Event: 56.354 GC heap before
{Heap before GC invocations=16 (full 3):
 PSYoungGen      total 408576K, used 407267K [0x00000000e0000000, 0x00000000fb500000, 0x0000000100000000)
  eden space 397312K, 100% used [0x00000000e0000000,0x00000000f8400000,0x00000000f8400000)
  from space 11264K, 88% used [0x00000000faa00000,0x00000000fb3b8f58,0x00000000fb500000)
  to   space 25088K, 0% used [0x00000000f8400000,0x00000000f8400000,0x00000000f9c80000)
 ParOldGen       total 128000K, used 50359K [0x00000000a0000000, 0x00000000a7d00000, 0x00000000e0000000)
  object space 128000K, 39% used [0x00000000a0000000,0x00000000a312dfa0,0x00000000a7d00000)
 Metaspace       used 76299K, capacity 79948K, committed 80128K, reserved 1118208K
  class space    used 9808K, capacity 10706K, committed 10752K, reserved 1048576K
Event: 56.380 GC heap after
Heap after GC invocations=16 (full 3):
 PSYoungGen      total 422400K, used 25061K [0x00000000e0000000, 0x0000000100000000, 0x0000000100000000)
  eden space 397312K, 0% used [0x00000000e0000000,0x00000000e0000000,0x00000000f8400000)
  from space 25088K, 99% used [0x00000000f8400000,0x00000000f9c79690,0x00000000f9c80000)
  to   space 40448K, 0% used [0x00000000fd880000,0x00000000fd880000,0x0000000100000000)
 ParOldGen       total 128000K, used 82125K [0x00000000a0000000, 0x00000000a7d00000, 0x00000000e0000000)
  object space 128000K, 64% used [0x00000000a0000000,0x00000000a5033650,0x00000000a7d00000)
 Metaspace       used 76299K, capacity 79948K, committed 80128K, reserved 1118208K
  class space    used 9808K, capacity 10706K, committed 10752K, reserved 1048576K
}
Event: 57.388 GC heap before
{Heap before GC invocations=17 (full 3):
 PSYoungGen      total 422400K, used 422301K [0x00000000e0000000, 0x0000000100000000, 0x0000000100000000)
  eden space 397312K, 99% used [0x00000000e0000000,0x00000000f83ee080,0x00000000f8400000)
  from space 25088K, 99% used [0x00000000f8400000,0x00000000f9c79690,0x00000000f9c80000)
  to   space 40448K, 0% used [0x00000000fd880000,0x00000000fd880000,0x0000000100000000)
 ParOldGen       total 128000K, used 82125K [0x00000000a0000000, 0x00000000a7d00000, 0x00000000e0000000)
  object space 128000K, 64% used [0x00000000a0000000,0x00000000a5033650,0x00000000a7d00000)
 Metaspace       used 78006K, capacity 81984K, committed 82176K, reserved 1120256K
  class space    used 10045K, capacity 10984K, committed 11008K, reserved 1048576K
Event: 57.403 GC heap after
Heap after GC invocations=17 (full 3):
 PSYoungGen      total 485888K, used 15122K [0x00000000e0000000, 0x0000000100000000, 0x0000000100000000)
  eden space 445440K, 0% used [0x00000000e0000000,0x00000000e0000000,0x00000000fb300000)
  from space 40448K, 37% used [0x00000000fd880000,0x00000000fe7448d0,0x0000000100000000)
  to   space 38400K, 0% used [0x00000000fb300000,0x00000000fb300000,0x00000000fd880000)
 ParOldGen       total 128000K, used 89992K [0x00000000a0000000, 0x00000000a7d00000, 0x00000000e0000000)
  object space 128000K, 70% used [0x00000000a0000000,0x00000000a57e23b8,0x00000000a7d00000)
 Metaspace       used 78006K, capacity 81984K, committed 82176K, reserved 1120256K
  class space    used 10045K, capacity 10984K, committed 11008K, reserved 1048576K
}
Event: 64.460 GC heap before
{Heap before GC invocations=18 (full 3):
 PSYoungGen      total 485888K, used 459784K [0x00000000e0000000, 0x0000000100000000, 0x0000000100000000)
  eden space 445440K, 99% used [0x00000000e0000000,0x00000000fb23d908,0x00000000fb300000)
  from space 40448K, 37% used [0x00000000fd880000,0x00000000fe7448d0,0x0000000100000000)
  to   space 38400K, 0% used [0x00000000fb300000,0x00000000fb300000,0x00000000fd880000)
 ParOldGen       total 128000K, used 89992K [0x00000000a0000000, 0x00000000a7d00000, 0x00000000e0000000)
  object space 128000K, 70% used [0x00000000a0000000,0x00000000a57e23b8,0x00000000a7d00000)
 Metaspace       used 79007K, capacity 83348K, committed 83456K, reserved 1122304K
  class space    used 10159K, capacity 11160K, committed 11264K, reserved 1048576K
Event: 64.471 GC heap after
Heap after GC invocations=18 (full 3):
 PSYoungGen      total 460288K, used 14595K [0x00000000e0000000, 0x00000000ffa00000, 0x0000000100000000)
  eden space 445440K, 0% used [0x00000000e0000000,0x00000000e0000000,0x00000000fb300000)
  from space 14848K, 98% used [0x00000000fb300000,0x00000000fc140d60,0x00000000fc180000)
  to   space 36352K, 0% used [0x00000000fd680000,0x00000000fd680000,0x00000000ffa00000)
 ParOldGen       total 128000K, used 90008K [0x00000000a0000000, 0x00000000a7d00000, 0x00000000e0000000)
  object space 128000K, 70% used [0x00000000a0000000,0x00000000a57e63b8,0x00000000a7d00000)
 Metaspace       used 79007K, capacity 83348K, committed 83456K, reserved 1122304K
  class space    used 10159K, capacity 11160K, committed 11264K, reserved 1048576K
}
Event: 209.427 GC heap before
{Heap before GC invocations=19 (full 3):
 PSYoungGen      total 460288K, used 459544K [0x00000000e0000000, 0x00000000ffa00000, 0x0000000100000000)
  eden space 445440K, 99% used [0x00000000e0000000,0x00000000fb285458,0x00000000fb300000)
  from space 14848K, 98% used [0x00000000fb300000,0x00000000fc140d60,0x00000000fc180000)
  to   space 36352K, 0% used [0x00000000fd680000,0x00000000fd680000,0x00000000ffa00000)
 ParOldGen       total 128000K, used 90008K [0x00000000a0000000, 0x00000000a7d00000, 0x00000000e0000000)
  object space 128000K, 70% used [0x00000000a0000000,0x00000000a57e63b8,0x00000000a7d00000)
 Metaspace       used 80106K, capacity 84756K, committed 84864K, reserved 1122304K
  class space    used 10297K, capacity 11368K, committed 11392K, reserved 1048576K
Event: 209.440 GC heap after
Heap after GC invocations=19 (full 3):
 PSYoungGen      total 481792K, used 21394K [0x00000000e0000000, 0x0000000100000000, 0x0000000100000000)
  eden space 445440K, 0% used [0x00000000e0000000,0x00000000e0000000,0x00000000fb300000)
  from space 36352K, 58% used [0x00000000fd680000,0x00000000feb649f0,0x00000000ffa00000)
  to   space 36352K, 0% used [0x00000000fb300000,0x00000000fb300000,0x00000000fd680000)
 ParOldGen       total 128000K, used 90528K [0x00000000a0000000, 0x00000000a7d00000, 0x00000000e0000000)
  object space 128000K, 70% used [0x00000000a0000000,0x00000000a58683e8,0x00000000a7d00000)
 Metaspace       used 80106K, capacity 84756K, committed 84864K, reserved 1122304K
  class space    used 10297K, capacity 11368K, committed 11392K, reserved 1048576K
}

Deoptimization events (10 events):
Event: 208.974 Thread 0x000000005f81a000 Uncommon trap: reason=unstable_if action=reinterpret pc=0x0000000004e3ae0c method=com.sun.tools.javac.code.Symbol.getRawTypeAttributes()Lcom/sun/tools/javac/util/List; @ 4
Event: 209.475 Thread 0x000000005f81a000 Uncommon trap: reason=null_check action=make_not_entrant pc=0x0000000003f578b0 method=java.lang.ThreadLocal$ThreadLocalMap.set(Ljava/lang/ThreadLocal;Ljava/lang/Object;)V @ 36
Event: 362.841 Thread 0x000000005f826000 Uncommon trap: reason=unstable_if action=reinterpret pc=0x00000000038dcf4c method=sun.misc.URLClassPath$1.next()Z @ 56
Event: 364.074 Thread 0x000000005f826000 Uncommon trap: reason=unstable_if action=reinterpret pc=0x0000000005532ce8 method=com.sun.org.apache.xerces.internal.parsers.AbstractSAXParser.startElement(Lcom/sun/org/apache/xerces/internal/xni/QName;Lcom/sun/org/apache/xerces/internal/xni/XMLAttributes
Event: 364.220 Thread 0x000000005f826000 Uncommon trap: reason=bimorphic action=maybe_recompile pc=0x00000000043c25e0 method=com.google.common.collect.AbstractMapBasedMultimap$WrappedCollection.refreshIfEmpty()V @ 40
Event: 364.521 Thread 0x000000005f826000 Uncommon trap: reason=class_check action=maybe_recompile pc=0x00000000038ccfc8 method=java.util.regex.Pattern$BnM.match(Ljava/util/regex/Matcher;ILjava/lang/CharSequence;)Z @ 111
Event: 366.216 Thread 0x000000005f826000 Uncommon trap: reason=unstable_if action=reinterpret pc=0x0000000004c54908 method=org.gradle.internal.resolve.result.DefaultBuildableModuleComponentMetaDataResolveResult.hasResult()Z @ 7
Event: 366.629 Thread 0x000000005f826000 Uncommon trap: reason=bimorphic action=maybe_recompile pc=0x0000000002f0c57c method=com.google.common.collect.ImmutableList.copyOf(Ljava/util/Collection;)Lcom/google/common/collect/ImmutableList; @ 11
Event: 372.143 Thread 0x0000000061706000 Uncommon trap: reason=unstable_if action=reinterpret pc=0x000000000420d2a4 method=com.google.common.cache.LocalCache$AccessQueue.contains(Ljava/lang/Object;)Z @ 14
Event: 372.362 Thread 0x0000000061706000 Uncommon trap: reason=array_check action=maybe_recompile pc=0x0000000004161bc8 method=java.util.TimSort.reverseRange([Ljava/lang/Object;II)V @ 27

Classes redefined (0 events):
No events

Internal exceptions (10 events):
Event: 372.209 Thread 0x0000000061706000 Exception <a 'sun/nio/fs/WindowsException'> (0x00000000f1cb8570) thrown at [D:\src\AOSP-openjdk-cygwin\jdk8u\hotspot\src\share\vm\prims\jni.cpp, line 709]
Event: 372.209 Thread 0x0000000061706000 Exception <a 'sun/nio/fs/WindowsException'> (0x00000000f1cb8c40) thrown at [D:\src\AOSP-openjdk-cygwin\jdk8u\hotspot\src\share\vm\prims\jni.cpp, line 709]
Event: 372.374 Thread 0x0000000061706000 Exception <a 'sun/nio/fs/WindowsException'> (0x00000000f1ff4590) thrown at [D:\src\AOSP-openjdk-cygwin\jdk8u\hotspot\src\share\vm\prims\jni.cpp, line 709]
Event: 372.374 Thread 0x0000000061706000 Exception <a 'sun/nio/fs/WindowsException'> (0x00000000f1ff4c18) thrown at [D:\src\AOSP-openjdk-cygwin\jdk8u\hotspot\src\share\vm\prims\jni.cpp, line 709]
Event: 372.374 Thread 0x0000000061706000 Exception <a 'sun/nio/fs/WindowsException'> (0x00000000f1ff5b60) thrown at [D:\src\AOSP-openjdk-cygwin\jdk8u\hotspot\src\share\vm\prims\jni.cpp, line 709]
Event: 372.375 Thread 0x0000000061706000 Exception <a 'sun/nio/fs/WindowsException'> (0x00000000f1ff6220) thrown at [D:\src\AOSP-openjdk-cygwin\jdk8u\hotspot\src\share\vm\prims\jni.cpp, line 709]
Event: 372.375 Thread 0x0000000061706000 Exception <a 'sun/nio/fs/WindowsException'> (0x00000000f1ff7278) thrown at [D:\src\AOSP-openjdk-cygwin\jdk8u\hotspot\src\share\vm\prims\jni.cpp, line 709]
Event: 372.375 Thread 0x0000000061706000 Exception <a 'sun/nio/fs/WindowsException'> (0x00000000f1ff7900) thrown at [D:\src\AOSP-openjdk-cygwin\jdk8u\hotspot\src\share\vm\prims\jni.cpp, line 709]
Event: 372.375 Thread 0x0000000061706000 Exception <a 'sun/nio/fs/WindowsException'> (0x00000000f1ff8870) thrown at [D:\src\AOSP-openjdk-cygwin\jdk8u\hotspot\src\share\vm\prims\jni.cpp, line 709]
Event: 372.375 Thread 0x0000000061706000 Exception <a 'sun/nio/fs/WindowsException'> (0x00000000f1ff8f30) thrown at [D:\src\AOSP-openjdk-cygwin\jdk8u\hotspot\src\share\vm\prims\jni.cpp, line 709]

Events (10 events):
Event: 372.768 Thread 0x0000000058099800 Thread added: 0x0000000058099800
Event: 372.768 Thread 0x00000000580a0000 Thread added: 0x00000000580a0000
Event: 372.771 Thread 0x000000005809e800 Thread added: 0x000000005809e800
Event: 372.772 Thread 0x000000005809a000 Thread added: 0x000000005809a000
Event: 372.772 Thread 0x000000005809f800 Thread added: 0x000000005809f800
Event: 372.772 Thread 0x000000005809b000 Thread added: 0x000000005809b000
Event: 372.774 Thread 0x00000000606bb800 Thread added: 0x00000000606bb800
Event: 372.774 Thread 0x00000000606b9800 Thread added: 0x00000000606b9800
Event: 372.789 Thread 0x00000000606bc800 Thread added: 0x00000000606bc800
Event: 372.789 Thread 0x00000000606bf800 Thread added: 0x00000000606bf800


Dynamic libraries:
0x000000013f690000 - 0x000000013f6c1000 	D:\Android Studio\jre\bin\java.exe
0x0000000077c90000 - 0x0000000077e39000 	C:\Windows\SYSTEM32\ntdll.dll
0x0000000077b70000 - 0x0000000077c8f000 	C:\Windows\system32\kernel32.dll
0x000007fefdbc0000 - 0x000007fefdc2b000 	C:\Windows\system32\KERNELBASE.dll
0x000007fefeb10000 - 0x000007fefebeb000 	C:\Windows\system32\ADVAPI32.dll
0x000007fefff00000 - 0x000007fefff9f000 	C:\Windows\system32\msvcrt.dll
0x000007fefeaf0000 - 0x000007fefeb0f000 	C:\Windows\SYSTEM32\sechost.dll
0x000007fefe0d0000 - 0x000007fefe1fd000 	C:\Windows\system32\RPCRT4.dll
0x0000000077a70000 - 0x0000000077b6a000 	C:\Windows\system32\USER32.dll
0x000007fefea80000 - 0x000007fefeae7000 	C:\Windows\system32\GDI32.dll
0x000007feffc30000 - 0x000007feffc3e000 	C:\Windows\system32\LPK.dll
0x000007fefebf0000 - 0x000007fefecb9000 	C:\Windows\system32\USP10.dll
0x000007fefd550000 - 0x000007fefd744000 	C:\Windows\WinSxS\amd64_microsoft.windows.common-controls_6595b64144ccf1df_6.0.7601.17514_none_fa396087175ac9ac\COMCTL32.dll
0x000007fefe2f0000 - 0x000007fefe361000 	C:\Windows\system32\SHLWAPI.dll
0x000007fefe0a0000 - 0x000007fefe0ce000 	C:\Windows\system32\IMM32.DLL
0x000007fefe910000 - 0x000007fefea19000 	C:\Windows\system32\MSCTF.dll
0x000000005d2a0000 - 0x000000005d372000 	D:\Android Studio\jre\jre\bin\msvcr100.dll
0x000000005ef30000 - 0x000000005f76e000 	D:\Android Studio\jre\jre\bin\server\jvm.dll
0x000007feed980000 - 0x000007feed989000 	C:\Windows\system32\WSOCK32.dll
0x000007fefe200000 - 0x000007fefe24d000 	C:\Windows\system32\WS2_32.dll
0x000007fefe900000 - 0x000007fefe908000 	C:\Windows\system32\NSI.dll
0x000007fefa8f0000 - 0x000007fefa92b000 	C:\Windows\system32\WINMM.dll
0x000007fefc690000 - 0x000007fefc69c000 	C:\Windows\system32\VERSION.dll
0x0000000077e60000 - 0x0000000077e67000 	C:\Windows\system32\PSAPI.DLL
0x000007fef7f40000 - 0x000007fef7f4f000 	D:\Android Studio\jre\jre\bin\verify.dll
0x000007feef5d0000 - 0x000007feef5f9000 	D:\Android Studio\jre\jre\bin\java.dll
0x000007feef610000 - 0x000007feef626000 	D:\Android Studio\jre\jre\bin\zip.dll
0x000007fefecc0000 - 0x000007feffa48000 	C:\Windows\system32\SHELL32.dll
0x000007fefde70000 - 0x000007fefe073000 	C:\Windows\system32\ole32.dll
0x000007fefda40000 - 0x000007fefda4f000 	C:\Windows\system32\profapi.dll
0x000007feef5b0000 - 0x000007feef5ca000 	D:\Android Studio\jre\jre\bin\net.dll
0x000007fefcf70000 - 0x000007fefcfc5000 	C:\Windows\system32\mswsock.dll
0x000007fefcf60000 - 0x000007fefcf67000 	C:\Windows\System32\wship6.dll
0x000007feef590000 - 0x000007feef5a1000 	D:\Android Studio\jre\jre\bin\nio.dll
0x000007fee9fe0000 - 0x000007fee9ffe000 	C:\Users\Administrator\.gradle\native\25\windows-amd64\native-platform.dll
0x000007fef7f50000 - 0x000007fef7f5d000 	D:\Android Studio\jre\jre\bin\management.dll
0x000007fefcfd0000 - 0x000007fefcfe7000 	C:\Windows\system32\CRYPTSP.dll
0x000007fefccd0000 - 0x000007fefcd17000 	C:\Windows\system32\rsaenh.dll
0x000007fefc5c0000 - 0x000007fefc5de000 	C:\Windows\system32\USERENV.dll
0x000007fefd970000 - 0x000007fefd97f000 	C:\Windows\system32\CRYPTBASE.dll
0x000007fefa730000 - 0x000007fefa757000 	C:\Windows\system32\IPHLPAPI.DLL
0x000007fefa720000 - 0x000007fefa72b000 	C:\Windows\system32\WINNSI.DLL
0x000007fef9fe0000 - 0x000007fef9ff1000 	C:\Windows\system32\dhcpcsvc6.DLL
0x000007fef9fc0000 - 0x000007fef9fd8000 	C:\Windows\system32\dhcpcsvc.DLL
0x000007fefd8d0000 - 0x000007fefd927000 	C:\Windows\system32\apphelp.dll
0x000007feeb030000 - 0x000007feeb1c5000 	D:\Android Studio\jre\jre\bin\awt.dll
0x000007feffc40000 - 0x000007feffd17000 	C:\Windows\system32\OLEAUT32.dll
0x000007feeac60000 - 0x000007feeb024000 	C:\Windows\system32\d2d1.dll
0x000007fefb480000 - 0x000007fefb498000 	C:\Windows\system32\DWMAPI.DLL
0x000007fef5f80000 - 0x000007fef60a5000 	C:\Windows\system32\dbghelp.dll

VM Arguments:
jvm_args: -Xmx1536m -Dfile.encoding=windows-1252 -Duser.country=US -Duser.language=en -Duser.variant 
java_command: org.gradle.launcher.daemon.bootstrap.GradleDaemon 4.1
java_class_path (initial): C:\Users\Administrator\.gradle\wrapper\dists\gradle-4.1-all\bzyivzo6n839fup2jbap0tjew\gradle-4.1\lib\gradle-launcher-4.1.jar
Launcher Type: SUN_STANDARD

Environment Variables:
PATH=C:\Windows\system32;C:\Windows;C:\Windows\System32\Wbem;C:\Windows\System32\WindowsPowerShell\v1.0\;C:\Program Files (x86)\NVIDIA Corporation\PhysX\Common;C:\Program Files (x86)\GtkSharp\2.12\bin;D:\Git\cmd;C:\Program Files\Java\jdk-9.0.1\bin;C:\Users\Administrator\AppData\Local\GitHubDesktop\bin
USERNAME=Administrator
OS=Windows_NT
PROCESSOR_IDENTIFIER=Intel64 Family 6 Model 58 Stepping 9, GenuineIntel



---------------  S Y S T E M  ---------------

OS: Windows 7 , 64 bit Build 7601 (6.1.7601.18015)

CPU:total 4 (initial active 4) (4 cores per cpu, 1 threads per core) family 6 model 58 stepping 9, cmov, cx8, fxsr, mmx, sse, sse2, sse3, ssse3, sse4.1, sse4.2, popcnt, avx, aes, clmul, erms, tsc, tscinvbit, tscinv

Memory: 4k page, physical 6235880k(2503300k free), swap 12469916k(8451896k free)

vm_info: OpenJDK 64-Bit Server VM (25.152-b01) for windows-amd64 JRE (1.8.0_152-release-915-b01), built by "builder" with MS VC++ 10.0 (VS2010)

time: Wed Mar 07 18:37:50 2018
elapsed time: 372 seconds (0d 0h 6m 12s)

