#
# A fatal error has been detected by the Java Runtime Environment:
#
#  EXCEPTION_ACCESS_VIOLATION (0xc0000005) at pc=0x000000005cfa29b6, pid=5668, tid=0x0000000000001808
#
# JRE version: OpenJDK Runtime Environment (8.0_152-b01) (build 1.8.0_152-release-915-b01)
# Java VM: OpenJDK 64-Bit Server VM (25.152-b01 mixed mode windows-amd64 compressed oops)
# Problematic frame:
# V  [jvm.dll+0x4329b6]
#
# Failed to write core dump. Minidumps are not enabled by default on client versions of Windows
#
# If you would like to submit a bug report, please visit:
#   http://bugreport.java.com/bugreport/crash.jsp
#

---------------  T H R E A D  ---------------

Current thread (0x0000000057663800):  JavaThread "C2 CompilerThread0" daemon [_thread_in_native, id=6152, stack(0x0000000057da0000,0x0000000057ea0000)]

siginfo: ExceptionCode=0xc0000005, reading address 0x0000000073234798

Registers:
RAX=0x0000000000000000, RBX=0x0000000073234770, RCX=0x0000000057e9c430, RDX=0x000000000020277e
RSP=0x0000000057e9c320, RBP=0x0000000057e9c720, RSI=0x000000000020277e, RDI=0x0000000000000001
R8 =0x00000000647cae70, R9 =0x0000000060a49e90, R10=0x000000000000001d, R11=0x0000000057e9c300
R12=0xffffffffffffffff, R13=0x000000000000753b, R14=0x000000005cb70000, R15=0x0000000000000000
RIP=0x000000005cfa29b6, EFLAGS=0x0000000000010202

Top of Stack: (sp=0x0000000057e9c320)
0x0000000057e9c320:   0000000065234700 0000000057e9c720
0x0000000057e9c330:   000000000000277d 000000000018ab00
0x0000000057e9c340:   0000277400000000 0000000000000008
0x0000000057e9c350:   000000005a697a00 0000000000000036
0x0000000057e9c360:   000000005edeca80 0000000000000036
0x0000000057e9c370:   00000000647cab50 0000000000000000
0x0000000057e9c380:   0000000060a4a268 0000000000000000
0x0000000057e9c390:   00000000000003d8 0000000060a49e90
0x0000000057e9c3a0:   0000000057e9c4b0 000000005cfa44fc
0x0000000057e9c3b0:   0000000057e9c830 0000000060a49e80
0x0000000057e9c3c0:   0000000057e9c720 0000000060a49e80
0x0000000057e9c3d0:   0000000000000002 0000000060a49e80
0x0000000057e9c3e0:   0000000058680ec0 00000000586884e0
0x0000000057e9c3f0:   0000000058688ea8 0000000000e67858
0x0000000057e9c400:   0000000000000002 0000000058875710
0x0000000057e9c410:   0000000058875710 0000000058875720 

Instructions: (pc=0x000000005cfa29b6)
0x000000005cfa2996:   66 66 0f 1f 84 00 00 00 00 00 8b 95 cc 00 00 00
0x000000005cfa29a6:   48 8b 4d 70 8b da 8b f2 48 6b db 70 48 03 59 20
0x000000005cfa29b6:   8b 43 28 89 85 cc 00 00 00 e8 4c 57 03 00 4c 39
0x000000005cfa29c6:   7b 18 0f 84 32 02 00 00 4c 63 63 5c 48 8d 34 b6 


Register to memory mapping:

RAX=0x0000000000000000 is an unknown value
RBX=0x0000000073234770 is an unknown value
RCX=0x0000000057e9c430 is pointing into the stack for thread: 0x0000000057663800
RDX=0x000000000020277e is an unknown value
RSP=0x0000000057e9c320 is pointing into the stack for thread: 0x0000000057663800
RBP=0x0000000057e9c720 is pointing into the stack for thread: 0x0000000057663800
RSI=0x000000000020277e is an unknown value
RDI=0x0000000000000001 is an unknown value
R8 =0x00000000647cae70 is an unknown value
R9 =0x0000000060a49e90 is an unknown value
R10=0x000000000000001d is an unknown value
R11=0x0000000057e9c300 is pointing into the stack for thread: 0x0000000057663800
R12=0xffffffffffffffff is an unknown value
R13=0x000000000000753b is an unknown value
R14=0x000000005cb70000 is an unknown value
R15=0x0000000000000000 is an unknown value


Stack: [0x0000000057da0000,0x0000000057ea0000],  sp=0x0000000057e9c320,  free space=1008k
Native frames: (J=compiled Java code, j=interpreted, Vv=VM code, C=native code)
V  [jvm.dll+0x4329b6]
V  [jvm.dll+0x4344fc]
V  [jvm.dll+0x43f19b]
V  [jvm.dll+0x441a6e]
V  [jvm.dll+0x424b32]
V  [jvm.dll+0x80fa9]
V  [jvm.dll+0x818df]
V  [jvm.dll+0x21d06f]
V  [jvm.dll+0x26d4aa]
C  [msvcr100.dll+0x21d9f]
C  [msvcr100.dll+0x21e3b]
C  [kernel32.dll+0x1652d]
C  [ntdll.dll+0x2c521]


Current CompileTask:
C2:1000679 13592       4       org.gradle.api.internal.project.taskfactory.DefaultTaskClassValidatorExtractor::mergeDeclaredAnnotations (190 bytes)


---------------  P R O C E S S  ---------------

Java Threads: ( => current thread )
  0x000000005a252800 JavaThread "build operations Thread 4" [_thread_blocked, id=7008, stack(0x00000000639c0000,0x0000000063ac0000)]
  0x000000005a254000 JavaThread "build operations Thread 3" [_thread_blocked, id=3592, stack(0x0000000062670000,0x0000000062770000)]
  0x000000005a258800 JavaThread "build operations Thread 2" [_thread_blocked, id=1756, stack(0x000000005bc30000,0x000000005bd30000)]
  0x000000005a253800 JavaThread "build operations" [_thread_blocked, id=6668, stack(0x000000005f3b0000,0x000000005f4b0000)]
  0x000000005a256800 JavaThread "Cache worker for Artifact transforms cache (C:\Users\Administrator\.gradle\caches\transforms-1)" [_thread_blocked, id=3784, stack(0x000000005ca60000,0x000000005cb60000)]
  0x000000005a255000 JavaThread "Cache worker for file hash cache (D:\Exercise_1_1\.gradle\4.1\fileHashes)" [_thread_blocked, id=4184, stack(0x000000005c430000,0x000000005c530000)]
  0x000000005a259800 JavaThread "Stdin handler" [_thread_blocked, id=3964, stack(0x000000005b9e0000,0x000000005bae0000)]
  0x000000005a4ac800 JavaThread "Asynchronous log dispatcher for DefaultDaemonConnection: socket connection from /127.0.0.1:51685 to /127.0.0.1:52155" [_thread_in_native, id=7116, stack(0x000000005bda0000,0x000000005bea0000)]
  0x000000005a4ad800 JavaThread "Cancel handler" [_thread_blocked, id=6552, stack(0x000000005b660000,0x000000005b760000)]
  0x000000005a4a8000 JavaThread "Handler for socket connection from /127.0.0.1:51685 to /127.0.0.1:52155" [_thread_in_native, id=3696, stack(0x000000005b540000,0x000000005b640000)]
  0x000000005a4ab000 JavaThread "Daemon worker Thread 3" [_thread_in_vm, id=6576, stack(0x000000005baf0000,0x000000005bbf0000)]
  0x000000005a4ac000 JavaThread "Daemon Thread 3" [_thread_blocked, id=6404, stack(0x000000005b1e0000,0x000000005b2e0000)]
  0x000000005e4a9000 JavaThread "Memory manager" [_thread_blocked, id=5776, stack(0x0000000061fc0000,0x00000000620c0000)]
  0x000000005a268800 JavaThread "File lock request listener" [_thread_in_native, id=6304, stack(0x000000005c110000,0x000000005c210000)]
  0x0000000059651800 JavaThread "Cache worker for file hash cache (C:\Users\Administrator\.gradle\caches\4.1\fileHashes)" [_thread_blocked, id=4760, stack(0x000000005bfd0000,0x000000005c0d0000)]
  0x000000005950e800 JavaThread "Daemon periodic checks" [_thread_blocked, id=5192, stack(0x000000005b370000,0x000000005b470000)]
  0x000000005a111800 JavaThread "Incoming local TCP Connector on port 51685" [_thread_in_native, id=4048, stack(0x0000000058480000,0x0000000058580000)]
  0x00000000576ee000 JavaThread "Service Thread" daemon [_thread_blocked, id=6592, stack(0x0000000058200000,0x0000000058300000)]
  0x00000000576c2000 JavaThread "C1 CompilerThread2" daemon [_thread_blocked, id=3432, stack(0x00000000580f0000,0x00000000581f0000)]
  0x000000005636f800 JavaThread "C2 CompilerThread1" daemon [_thread_in_native, id=5684, stack(0x0000000057fb0000,0x00000000580b0000)]
=>0x0000000057663800 JavaThread "C2 CompilerThread0" daemon [_thread_in_native, id=6152, stack(0x0000000057da0000,0x0000000057ea0000)]
  0x0000000056365000 JavaThread "Attach Listener" daemon [_thread_blocked, id=4548, stack(0x0000000057c20000,0x0000000057d20000)]
  0x0000000056364000 JavaThread "Signal Dispatcher" daemon [_thread_blocked, id=6796, stack(0x0000000057a60000,0x0000000057b60000)]
  0x0000000056348800 JavaThread "Finalizer" daemon [_thread_blocked, id=6984, stack(0x0000000057560000,0x0000000057660000)]
  0x00000000562ff800 JavaThread "Reference Handler" daemon [_thread_blocked, id=3624, stack(0x0000000057300000,0x0000000057400000)]
  0x000000000216e000 JavaThread "main" [_thread_blocked, id=6708, stack(0x0000000002410000,0x0000000002510000)]

Other Threads:
  0x00000000562fa000 VMThread [stack: 0x0000000057180000,0x0000000057280000] [id=4348]
  0x00000000576f1000 WatcherThread [stack: 0x0000000058310000,0x0000000058410000] [id=5212]

VM state:not at safepoint (normal execution)

VM Mutex/Monitor currently owned by a thread: None

Heap:
 PSYoungGen      total 461312K, used 41807K [0x00000000e0000000, 0x0000000100000000, 0x0000000100000000)
  eden space 435200K, 5% used [0x00000000e0000000,0x00000000e1580ca0,0x00000000fa900000)
  from space 26112K, 75% used [0x00000000fa900000,0x00000000fbc530f8,0x00000000fc280000)
  to   space 27648K, 0% used [0x00000000fe500000,0x00000000fe500000,0x0000000100000000)
 ParOldGen       total 106496K, used 53820K [0x00000000a0000000, 0x00000000a6800000, 0x00000000e0000000)
  object space 106496K, 50% used [0x00000000a0000000,0x00000000a348f138,0x00000000a6800000)
 Metaspace       used 76640K, capacity 81188K, committed 81408K, reserved 1120256K
  class space    used 10150K, capacity 11232K, committed 11264K, reserved 1048576K

Card table byte_map: [0x0000000011ba0000,0x0000000011eb0000] byte_map_base: 0x00000000116a0000

Marking Bits: (ParMarkBitMap*) 0x000000005d333950
 Begin Bits: [0x0000000012670000, 0x0000000013e70000)
 End Bits:   [0x0000000013e70000, 0x0000000015670000)

Polling page: 0x0000000001b60000

CodeCache: size=245760Kb used=37239Kb max_used=37247Kb free=208520Kb
 bounds [0x00000000027e0000, 0x0000000004c90000, 0x00000000117e0000]
 total_blobs=12209 nmethods=11366 adapters=754
 compilation: enabled

Compilation events (10 events):
Event: 1000.279 Thread 0x000000005636f800 nmethod 13613 0x0000000004632590 code [0x0000000004632700, 0x0000000004632a28]
Event: 1000.279 Thread 0x00000000576c2000 13614       3       groovy.lang.MetaClassImpl::copyClassPropertyIndexForSuper (53 bytes)
Event: 1000.280 Thread 0x00000000576c2000 nmethod 13614 0x00000000040aabd0 code [0x00000000040aade0, 0x00000000040ab948]
Event: 1000.280 Thread 0x00000000576c2000 13615       3       org.codehaus.groovy.runtime.callsite.StaticMetaMethodSite::checkCall (47 bytes)
Event: 1000.280 Thread 0x00000000576c2000 nmethod 13615 0x0000000003991010 code [0x00000000039911c0, 0x00000000039917d8]
Event: 1000.280 Thread 0x00000000576c2000 13616       3       org.gradle.api.internal.project.DefaultProject_Decorated::getPluginManager (30 bytes)
Event: 1000.281 Thread 0x00000000576c2000 nmethod 13616 0x0000000003990890 code [0x0000000003990a20, 0x0000000003990ec8]
Event: 1000.282 Thread 0x000000005636f800 13617       4       org.gradle.api.internal.project.DefaultProject::compareTo (9 bytes)
Event: 1000.330 Thread 0x000000005636f800 nmethod 13617 0x0000000004a53690 code [0x0000000004a53900, 0x0000000004a55cd8]
Event: 1000.330 Thread 0x000000005636f800 13618       4       org.gradle.api.internal.AbstractTask::compareTo (9 bytes)

GC Heap History (10 events):
Event: 7.761 GC heap before
{Heap before GC invocations=10 (full 2):
 PSYoungGen      total 187392K, used 173056K [0x00000000e0000000, 0x00000000f5600000, 0x0000000100000000)
  eden space 173056K, 100% used [0x00000000e0000000,0x00000000ea900000,0x00000000ea900000)
  from space 14336K, 0% used [0x00000000ea900000,0x00000000ea900000,0x00000000eb700000)
  to   space 13312K, 0% used [0x00000000f4900000,0x00000000f4900000,0x00000000f5600000)
 ParOldGen       total 62976K, used 18647K [0x00000000a0000000, 0x00000000a3d80000, 0x00000000e0000000)
  object space 62976K, 29% used [0x00000000a0000000,0x00000000a1235d78,0x00000000a3d80000)
 Metaspace       used 48314K, capacity 49556K, committed 49664K, reserved 1091584K
  class space    used 6496K, capacity 6900K, committed 6912K, reserved 1048576K
Event: 7.779 GC heap after
Heap after GC invocations=10 (full 2):
 PSYoungGen      total 316928K, used 13283K [0x00000000e0000000, 0x00000000f5600000, 0x0000000100000000)
  eden space 303616K, 0% used [0x00000000e0000000,0x00000000e0000000,0x00000000f2880000)
  from space 13312K, 99% used [0x00000000f4900000,0x00000000f55f8e20,0x00000000f5600000)
  to   space 16896K, 0% used [0x00000000f3500000,0x00000000f3500000,0x00000000f4580000)
 ParOldGen       total 62976K, used 22932K [0x00000000a0000000, 0x00000000a3d80000, 0x00000000e0000000)
  object space 62976K, 36% used [0x00000000a0000000,0x00000000a16650a0,0x00000000a3d80000)
 Metaspace       used 48314K, capacity 49556K, committed 49664K, reserved 1091584K
  class space    used 6496K, capacity 6900K, committed 6912K, reserved 1048576K
}
Event: 10.134 GC heap before
{Heap before GC invocations=11 (full 2):
 PSYoungGen      total 316928K, used 251449K [0x00000000e0000000, 0x00000000f5600000, 0x0000000100000000)
  eden space 303616K, 78% used [0x00000000e0000000,0x00000000ee895948,0x00000000f2880000)
  from space 13312K, 99% used [0x00000000f4900000,0x00000000f55f8e20,0x00000000f5600000)
  to   space 16896K, 0% used [0x00000000f3500000,0x00000000f3500000,0x00000000f4580000)
 ParOldGen       total 62976K, used 22932K [0x00000000a0000000, 0x00000000a3d80000, 0x00000000e0000000)
  object space 62976K, 36% used [0x00000000a0000000,0x00000000a16650a0,0x00000000a3d80000)
 Metaspace       used 56594K, capacity 58904K, committed 59028K, reserved 1099776K
  class space    used 7733K, capacity 8328K, committed 8448K, reserved 1048576K
Event: 10.270 GC heap after
Heap after GC invocations=11 (full 2):
 PSYoungGen      total 333312K, used 16889K [0x00000000e0000000, 0x00000000fe280000, 0x0000000100000000)
  eden space 316416K, 0% used [0x00000000e0000000,0x00000000e0000000,0x00000000f3500000)
  from space 16896K, 99% used [0x00000000f3500000,0x00000000f457e7b0,0x00000000f4580000)
  to   space 27136K, 0% used [0x00000000fc800000,0x00000000fc800000,0x00000000fe280000)
 ParOldGen       total 62976K, used 42123K [0x00000000a0000000, 0x00000000a3d80000, 0x00000000e0000000)
  object space 62976K, 66% used [0x00000000a0000000,0x00000000a2922f10,0x00000000a3d80000)
 Metaspace       used 56594K, capacity 58904K, committed 59028K, reserved 1099776K
  class space    used 7733K, capacity 8328K, committed 8448K, reserved 1048576K
}
Event: 10.270 GC heap before
{Heap before GC invocations=12 (full 3):
 PSYoungGen      total 333312K, used 16889K [0x00000000e0000000, 0x00000000fe280000, 0x0000000100000000)
  eden space 316416K, 0% used [0x00000000e0000000,0x00000000e0000000,0x00000000f3500000)
  from space 16896K, 99% used [0x00000000f3500000,0x00000000f457e7b0,0x00000000f4580000)
  to   space 27136K, 0% used [0x00000000fc800000,0x00000000fc800000,0x00000000fe280000)
 ParOldGen       total 62976K, used 42123K [0x00000000a0000000, 0x00000000a3d80000, 0x00000000e0000000)
  object space 62976K, 66% used [0x00000000a0000000,0x00000000a2922f10,0x00000000a3d80000)
 Metaspace       used 56594K, capacity 58904K, committed 59028K, reserved 1099776K
  class space    used 7733K, capacity 8328K, committed 8448K, reserved 1048576K
Event: 10.458 GC heap after
Heap after GC invocations=12 (full 3):
 PSYoungGen      total 333312K, used 0K [0x00000000e0000000, 0x00000000fe280000, 0x0000000100000000)
  eden space 316416K, 0% used [0x00000000e0000000,0x00000000e0000000,0x00000000f3500000)
  from space 16896K, 0% used [0x00000000f3500000,0x00000000f3500000,0x00000000f4580000)
  to   space 27136K, 0% used [0x00000000fc800000,0x00000000fc800000,0x00000000fe280000)
 ParOldGen       total 106496K, used 48999K [0x00000000a0000000, 0x00000000a6800000, 0x00000000e0000000)
  object space 106496K, 46% used [0x00000000a0000000,0x00000000a2fd9f08,0x00000000a6800000)
 Metaspace       used 56594K, capacity 58904K, committed 59028K, reserved 1099776K
  class space    used 7733K, capacity 8328K, committed 8448K, reserved 1048576K
}
Event: 32.229 GC heap before
{Heap before GC invocations=13 (full 3):
 PSYoungGen      total 333312K, used 316416K [0x00000000e0000000, 0x00000000fe280000, 0x0000000100000000)
  eden space 316416K, 100% used [0x00000000e0000000,0x00000000f3500000,0x00000000f3500000)
  from space 16896K, 0% used [0x00000000f3500000,0x00000000f3500000,0x00000000f4580000)
  to   space 27136K, 0% used [0x00000000fc800000,0x00000000fc800000,0x00000000fe280000)
 ParOldGen       total 106496K, used 48999K [0x00000000a0000000, 0x00000000a6800000, 0x00000000e0000000)
  object space 106496K, 46% used [0x00000000a0000000,0x00000000a2fd9f08,0x00000000a6800000)
 Metaspace       used 63651K, capacity 66818K, committed 66944K, reserved 1107968K
  class space    used 8488K, capacity 9249K, committed 9344K, reserved 1048576K
Event: 32.242 GC heap after
Heap after GC invocations=13 (full 3):
 PSYoungGen      total 455680K, used 13211K [0x00000000e0000000, 0x00000000fdc00000, 0x0000000100000000)
  eden space 435200K, 0% used [0x00000000e0000000,0x00000000e0000000,0x00000000fa900000)
  from space 20480K, 64% used [0x00000000fc800000,0x00000000fd4e6c70,0x00000000fdc00000)
  to   space 26112K, 0% used [0x00000000fa900000,0x00000000fa900000,0x00000000fc280000)
 ParOldGen       total 106496K, used 49007K [0x00000000a0000000, 0x00000000a6800000, 0x00000000e0000000)
  object space 106496K, 46% used [0x00000000a0000000,0x00000000a2fdbf08,0x00000000a6800000)
 Metaspace       used 63651K, capacity 66818K, committed 66944K, reserved 1107968K
  class space    used 8488K, capacity 9249K, committed 9344K, reserved 1048576K
}
Event: 999.646 GC heap before
{Heap before GC invocations=14 (full 3):
 PSYoungGen      total 455680K, used 448411K [0x00000000e0000000, 0x00000000fdc00000, 0x0000000100000000)
  eden space 435200K, 100% used [0x00000000e0000000,0x00000000fa900000,0x00000000fa900000)
  from space 20480K, 64% used [0x00000000fc800000,0x00000000fd4e6c70,0x00000000fdc00000)
  to   space 26112K, 0% used [0x00000000fa900000,0x00000000fa900000,0x00000000fc280000)
 ParOldGen       total 106496K, used 49007K [0x00000000a0000000, 0x00000000a6800000, 0x00000000e0000000)
  object space 106496K, 46% used [0x00000000a0000000,0x00000000a2fdbf08,0x00000000a6800000)
 Metaspace       used 76122K, capacity 80598K, committed 80896K, reserved 1118208K
  class space    used 10054K, capacity 11152K, committed 11264K, reserved 1048576K
Event: 999.807 GC heap after
Heap after GC invocations=14 (full 3):
 PSYoungGen      total 461312K, used 19788K [0x00000000e0000000, 0x0000000100000000, 0x0000000100000000)
  eden space 435200K, 0% used [0x00000000e0000000,0x00000000e0000000,0x00000000fa900000)
  from space 26112K, 75% used [0x00000000fa900000,0x00000000fbc530f8,0x00000000fc280000)
  to   space 27648K, 0% used [0x00000000fe500000,0x00000000fe500000,0x0000000100000000)
 ParOldGen       total 106496K, used 53820K [0x00000000a0000000, 0x00000000a6800000, 0x00000000e0000000)
  object space 106496K, 50% used [0x00000000a0000000,0x00000000a348f138,0x00000000a6800000)
 Metaspace       used 76122K, capacity 80598K, committed 80896K, reserved 1118208K
  class space    used 10054K, capacity 11152K, committed 11264K, reserved 1048576K
}

Deoptimization events (10 events):
Event: 998.018 Thread 0x000000005a4ab000 Uncommon trap: reason=array_check action=maybe_recompile pc=0x0000000004141450 method=com.google.common.collect.ImmutableSet.construct(I[Ljava/lang/Object;)Lcom/google/common/collect/ImmutableSet; @ 122
Event: 998.030 Thread 0x000000005a4ab000 Uncommon trap: reason=array_check action=maybe_recompile pc=0x0000000004141450 method=com.google.common.collect.ImmutableSet.construct(I[Ljava/lang/Object;)Lcom/google/common/collect/ImmutableSet; @ 122
Event: 998.051 Thread 0x000000005a4ab000 Uncommon trap: reason=array_check action=maybe_recompile pc=0x0000000004141450 method=com.google.common.collect.ImmutableSet.construct(I[Ljava/lang/Object;)Lcom/google/common/collect/ImmutableSet; @ 122
Event: 998.053 Thread 0x000000005a4ab000 Uncommon trap: reason=array_check action=maybe_recompile pc=0x0000000004141450 method=com.google.common.collect.ImmutableSet.construct(I[Ljava/lang/Object;)Lcom/google/common/collect/ImmutableSet; @ 122
Event: 999.560 Thread 0x000000005a4ab000 Uncommon trap: reason=null_check action=make_not_entrant pc=0x0000000003731d9c method=com.sun.xml.internal.bind.v2.runtime.Coordinator.pushCoordinator()V @ 7
Event: 999.808 Thread 0x000000005a4ab000 Uncommon trap: reason=null_check action=make_not_entrant pc=0x0000000003559a54 method=java.lang.ThreadLocal$ThreadLocalMap.getEntryAfterMiss(Ljava/lang/ThreadLocal;ILjava/lang/ThreadLocal$ThreadLocalMap$Entry;)Ljava/lang/ThreadLocal$ThreadLocalMap$Entry; 
Event: 999.808 Thread 0x000000005a4ab000 Uncommon trap: reason=null_check action=make_not_entrant pc=0x0000000003514940 method=java.lang.ThreadLocal$ThreadLocalMap.getEntryAfterMiss(Ljava/lang/ThreadLocal;ILjava/lang/ThreadLocal$ThreadLocalMap$Entry;)Ljava/lang/ThreadLocal$ThreadLocalMap$Entry; 
Event: 1000.245 Thread 0x000000005a4ab000 Uncommon trap: reason=bimorphic action=maybe_recompile pc=0x00000000039c9c20 method=java.lang.Throwable.<init>(Ljava/lang/String;Ljava/lang/Throwable;)V @ 24
Event: 1000.245 Thread 0x000000005a4ab000 Uncommon trap: reason=bimorphic action=maybe_recompile pc=0x00000000039c9c20 method=java.lang.Throwable.<init>(Ljava/lang/String;Ljava/lang/Throwable;)V @ 24
Event: 1000.245 Thread 0x000000005a4ab000 Uncommon trap: reason=bimorphic action=maybe_recompile pc=0x00000000039c9c20 method=java.lang.Throwable.<init>(Ljava/lang/String;Ljava/lang/Throwable;)V @ 24

Classes redefined (0 events):
No events

Internal exceptions (10 events):
Event: 999.983 Thread 0x000000005a4ab000 Exception <a 'java/lang/ClassNotFoundException': org/jetbrains/plugins/gradle/model/ExternalProjectBeanInfo> (0x00000000e0e41ce0) thrown at [D:\src\AOSP-openjdk-cygwin\jdk8u\hotspot\src\share\vm\classfile\systemDictionary.cpp, line 210]
Event: 999.983 Thread 0x000000005a4ab000 Exception <a 'java/lang/ClassNotFoundException': org/jetbrains/plugins/gradle/model/ExternalProjectCustomizer> (0x00000000e0e4d718) thrown at [D:\src\AOSP-openjdk-cygwin\jdk8u\hotspot\src\share\vm\classfile\systemDictionary.cpp, line 210]
Event: 999.988 Thread 0x000000005a4ab000 Exception <a 'java/lang/ClassNotFoundException': org/jetbrains/plugins/gradle/model/ExternalProjectPreviewBeanInfo> (0x00000000e0e86320) thrown at [D:\src\AOSP-openjdk-cygwin\jdk8u\hotspot\src\share\vm\classfile\systemDictionary.cpp, line 210]
Event: 999.988 Thread 0x000000005a4ab000 Exception <a 'java/lang/ClassNotFoundException': org/jetbrains/plugins/gradle/model/ExternalProjectPreviewCustomizer> (0x00000000e0e92bd0) thrown at [D:\src\AOSP-openjdk-cygwin\jdk8u\hotspot\src\share\vm\classfile\systemDictionary.cpp, line 210]
Event: 1000.264 Thread 0x000000005a4ab000 Exception <a 'java/lang/ClassNotFoundException': org/jetbrains/plugins/gradle/tooling/builder/TasksFactoryBeanInfo> (0x00000000e136c880) thrown at [D:\src\AOSP-openjdk-cygwin\jdk8u\hotspot\src\share\vm\classfile\systemDictionary.cpp, line 210]
Event: 1000.265 Thread 0x000000005a4ab000 Exception <a 'java/lang/ClassNotFoundException': org/jetbrains/plugins/gradle/tooling/builder/TasksFactoryCustomizer> (0x00000000e1379cd8) thrown at [D:\src\AOSP-openjdk-cygwin\jdk8u\hotspot\src\share\vm\classfile\systemDictionary.cpp, line 210]
Event: 1000.267 Thread 0x000000005a4ab000 Exception <a 'java/lang/ClassNotFoundException': org/jetbrains/plugins/gradle/tooling/util/SourceSetCachedFinderBeanInfo> (0x00000000e13b5d68) thrown at [D:\src\AOSP-openjdk-cygwin\jdk8u\hotspot\src\share\vm\classfile\systemDictionary.cpp, line 210]
Event: 1000.267 Thread 0x000000005a4ab000 Exception <a 'java/lang/ClassNotFoundException': org/jetbrains/plugins/gradle/tooling/util/SourceSetCachedFinderCustomizer> (0x00000000e13c3988) thrown at [D:\src\AOSP-openjdk-cygwin\jdk8u\hotspot\src\share\vm\classfile\systemDictionary.cpp, line 210]
Event: 1000.274 Thread 0x000000005a4ab000 Exception <a 'java/lang/ClassNotFoundException': org/jetbrains/plugins/gradle/model/DefaultExternalProjectBeanInfo> (0x00000000e1417908) thrown at [D:\src\AOSP-openjdk-cygwin\jdk8u\hotspot\src\share\vm\classfile\systemDictionary.cpp, line 210]
Event: 1000.274 Thread 0x000000005a4ab000 Exception <a 'java/lang/ClassNotFoundException': org/jetbrains/plugins/gradle/model/DefaultExternalProjectCustomizer> (0x00000000e1424d68) thrown at [D:\src\AOSP-openjdk-cygwin\jdk8u\hotspot\src\share\vm\classfile\systemDictionary.cpp, line 210]

Events (10 events):
Event: 1000.273 loading class groovy/runtime/metaclass/org/jetbrains/plugins/gradle/model/DefaultExternalProjectMetaClass
Event: 1000.273 loading class groovy/runtime/metaclass/org/jetbrains/plugins/gradle/model/DefaultExternalProjectMetaClass done
Event: 1000.274 loading class org/jetbrains/plugins/gradle/model/DefaultExternalProjectBeanInfo
Event: 1000.274 loading class org/jetbrains/plugins/gradle/model/DefaultExternalProjectBeanInfo done
Event: 1000.274 loading class org/jetbrains/plugins/gradle/model/DefaultExternalProjectBeanInfo
Event: 1000.274 loading class org/jetbrains/plugins/gradle/model/DefaultExternalProjectBeanInfo done
Event: 1000.274 loading class org/jetbrains/plugins/gradle/model/DefaultExternalProjectCustomizer
Event: 1000.274 loading class org/jetbrains/plugins/gradle/model/DefaultExternalProjectCustomizer done
Event: 1000.274 loading class org/jetbrains/plugins/gradle/model/DefaultExternalProjectCustomizer
Event: 1000.274 loading class org/jetbrains/plugins/gradle/model/DefaultExternalProjectCustomizer done


Dynamic libraries:
0x000000013f710000 - 0x000000013f741000 	D:\Android Studio\jre\bin\java.exe
0x00000000772a0000 - 0x0000000077449000 	C:\Windows\SYSTEM32\ntdll.dll
0x0000000077180000 - 0x000000007729f000 	C:\Windows\system32\kernel32.dll
0x000007fefd240000 - 0x000007fefd2ab000 	C:\Windows\system32\KERNELBASE.dll
0x000007fefdb40000 - 0x000007fefdc1b000 	C:\Windows\system32\ADVAPI32.dll
0x000007fefe350000 - 0x000007fefe3ef000 	C:\Windows\system32\msvcrt.dll
0x000007fefd680000 - 0x000007fefd69f000 	C:\Windows\SYSTEM32\sechost.dll
0x000007fefd480000 - 0x000007fefd5ad000 	C:\Windows\system32\RPCRT4.dll
0x0000000077080000 - 0x000000007717a000 	C:\Windows\system32\USER32.dll
0x000007fefda20000 - 0x000007fefda87000 	C:\Windows\system32\GDI32.dll
0x000007fefe250000 - 0x000007fefe25e000 	C:\Windows\system32\LPK.dll
0x000007fefd5b0000 - 0x000007fefd679000 	C:\Windows\system32\USP10.dll
0x000007fefb8a0000 - 0x000007fefba94000 	C:\Windows\WinSxS\amd64_microsoft.windows.common-controls_6595b64144ccf1df_6.0.7601.17514_none_fa396087175ac9ac\COMCTL32.dll
0x000007fefd6b0000 - 0x000007fefd721000 	C:\Windows\system32\SHLWAPI.dll
0x000007fefda90000 - 0x000007fefdabe000 	C:\Windows\system32\IMM32.DLL
0x000007fefd910000 - 0x000007fefda19000 	C:\Windows\system32\MSCTF.dll
0x000000006b7f0000 - 0x000000006b8c2000 	D:\Android Studio\jre\jre\bin\msvcr100.dll
0x000000005cb70000 - 0x000000005d3ae000 	D:\Android Studio\jre\jre\bin\server\jvm.dll
0x000007feecd80000 - 0x000007feecd89000 	C:\Windows\system32\WSOCK32.dll
0x000007fefe300000 - 0x000007fefe34d000 	C:\Windows\system32\WS2_32.dll
0x000007fefd6a0000 - 0x000007fefd6a8000 	C:\Windows\system32\NSI.dll
0x000007fefa570000 - 0x000007fefa5ab000 	C:\Windows\system32\WINMM.dll
0x000007fefc0e0000 - 0x000007fefc0ec000 	C:\Windows\system32\VERSION.dll
0x0000000077460000 - 0x0000000077467000 	C:\Windows\system32\PSAPI.DLL
0x000007fefa7d0000 - 0x000007fefa7df000 	D:\Android Studio\jre\jre\bin\verify.dll
0x000007feeddd0000 - 0x000007feeddf9000 	D:\Android Studio\jre\jre\bin\java.dll
0x000007fef58e0000 - 0x000007fef58f6000 	D:\Android Studio\jre\jre\bin\zip.dll
0x000007fefe620000 - 0x000007feff3a8000 	C:\Windows\system32\SHELL32.dll
0x000007fefe3f0000 - 0x000007fefe5f3000 	C:\Windows\system32\ole32.dll
0x000007fefd050000 - 0x000007fefd05f000 	C:\Windows\system32\profapi.dll
0x000007feeddb0000 - 0x000007feeddca000 	D:\Android Studio\jre\jre\bin\net.dll
0x000007fefc7e0000 - 0x000007fefc835000 	C:\Windows\system32\mswsock.dll
0x000007fefc9c0000 - 0x000007fefc9c7000 	C:\Windows\System32\wship6.dll
0x000007feedd90000 - 0x000007feedda1000 	D:\Android Studio\jre\jre\bin\nio.dll
0x000007fee9b60000 - 0x000007fee9b7e000 	C:\Users\Administrator\.gradle\native\25\windows-amd64\native-platform.dll
0x000007fef9950000 - 0x000007fef995d000 	D:\Android Studio\jre\jre\bin\management.dll
0x000007fefca90000 - 0x000007fefcaa7000 	C:\Windows\system32\CRYPTSP.dll
0x000007fefc5e0000 - 0x000007fefc627000 	C:\Windows\system32\rsaenh.dll
0x000007fefc380000 - 0x000007fefc39e000 	C:\Windows\system32\USERENV.dll
0x000007fefcf80000 - 0x000007fefcf8f000 	C:\Windows\system32\CRYPTBASE.dll
0x000007fefaa90000 - 0x000007fefaab7000 	C:\Windows\system32\IPHLPAPI.DLL
0x000007fefaa60000 - 0x000007fefaa6b000 	C:\Windows\system32\WINNSI.DLL
0x000007fefa780000 - 0x000007fefa791000 	C:\Windows\system32\dhcpcsvc6.DLL
0x000007fefa760000 - 0x000007fefa778000 	C:\Windows\system32\dhcpcsvc.DLL
0x000007fefcee0000 - 0x000007fefcf37000 	C:\Windows\system32\apphelp.dll
0x000007fef4e90000 - 0x000007fef4fb5000 	C:\Windows\system32\dbghelp.dll

VM Arguments:
jvm_args: -Xmx1536m -Dfile.encoding=windows-1252 -Duser.country=US -Duser.language=en -Duser.variant 
java_command: org.gradle.launcher.daemon.bootstrap.GradleDaemon 4.1
java_class_path (initial): C:\Users\Administrator\.gradle\wrapper\dists\gradle-4.1-all\bzyivzo6n839fup2jbap0tjew\gradle-4.1\lib\gradle-launcher-4.1.jar
Launcher Type: SUN_STANDARD

Environment Variables:
PATH=C:\Windows\system32;C:\Windows;C:\Windows\System32\Wbem;C:\Windows\System32\WindowsPowerShell\v1.0\;C:\Program Files (x86)\NVIDIA Corporation\PhysX\Common;C:\Program Files (x86)\GtkSharp\2.12\bin;D:\Git\cmd;C:\Program Files\Java\jdk-9.0.1\bin;C:\Users\Administrator\AppData\Local\GitHubDesktop\bin
USERNAME=Administrator
OS=Windows_NT
PROCESSOR_IDENTIFIER=Intel64 Family 6 Model 58 Stepping 9, GenuineIntel



---------------  S Y S T E M  ---------------

OS: Windows 7 , 64 bit Build 7601 (6.1.7601.18015)

CPU:total 4 (initial active 4) (4 cores per cpu, 1 threads per core) family 6 model 58 stepping 9, cmov, cx8, fxsr, mmx, sse, sse2, sse3, ssse3, sse4.1, sse4.2, popcnt, avx, aes, clmul, erms, tsc, tscinvbit, tscinv

Memory: 4k page, physical 6235880k(2156132k free), swap 12469916k(7828000k free)

vm_info: OpenJDK 64-Bit Server VM (25.152-b01) for windows-amd64 JRE (1.8.0_152-release-915-b01), built by "builder" with MS VC++ 10.0 (VS2010)

time: Wed Mar 07 00:55:17 2018
elapsed time: 1000 seconds (0d 0h 16m 40s)

