#
# A fatal error has been detected by the Java Runtime Environment:
#
#  EXCEPTION_ACCESS_VIOLATION (0xc0000005) at pc=0x000000005defa562, pid=4968, tid=0x00000000000011bc
#
# JRE version: OpenJDK Runtime Environment (8.0_152-b01) (build 1.8.0_152-release-915-b01)
# Java VM: OpenJDK 64-Bit Server VM (25.152-b01 mixed mode windows-amd64 compressed oops)
# Problematic frame:
# V  [jvm.dll+0x8a562]
#
# Failed to write core dump. Minidumps are not enabled by default on client versions of Windows
#
# If you would like to submit a bug report, please visit:
#   http://bugreport.java.com/bugreport/crash.jsp
#

---------------  T H R E A D  ---------------

Current thread (0x000000000218c800):  GCTaskThread [stack: 0x0000000002420000,0x0000000002520000] [id=4540]

siginfo: ExceptionCode=0xc0000005, reading address 0x00000000000000e8

Registers:
RAX=0x0000000000000000, RBX=0x00000000ef2a1d78, RCX=0x00000000153e78b8, RDX=0x00000000ef2a1d78
RSP=0x000000000251f8d8, RBP=0x0000000011ce7f01, RSI=0x00000000561c8d40, RDI=0x00000000a0fd4a00
R8 =0x0000000000000000, R9 =0x00000000153e78b8, R10=0x0000000000000008, R11=0x00000000f24c0010
R12=0x0000000011ce7ea3, R13=0x0000000000000005, R14=0x0000000000000000, R15=0x0000000002189810
RIP=0x000000005defa562, EFLAGS=0x0000000000010246

Top of Stack: (sp=0x000000000251f8d8)
0x000000000251f8d8:   000000005e23c0d2 00000000eec45ef0
0x000000000251f8e8:   0000000000000003 00000000561c8d40
0x000000000251f8f8:   00000000f515ddd8 00000000f24b8020
0x000000000251f908:   0000000000001000 00000000561c8d40
0x000000000251f918:   000000005df5d403 0000000000000000
0x000000000251f928:   00000000561c8d00 0000000011ce7ea3
0x000000000251f938:   000000005e23c440 00000000f24bb490
0x000000000251f948:   0000000011ce7f01 00000000561c8d40
0x000000000251f958:   00000000a0fd4a00 00000000f24bb490
0x000000000251f968:   000000005e23cfe5 00000000f439cca0
0x000000000251f978:   0000000011ce6701 00000000561c8d40
0x000000000251f988:   0000000000000003 00000000561c8d40
0x000000000251f998:   000000005df368da 00000000a0e5f684
0x000000000251f9a8:   000000005df5f247 00000000a0e5f695
0x000000000251f9b8:   00000000a0e5f695 00000000a0e173a5
0x000000000251f9c8:   00000000a0e173a5 00000000561c8d40 

Instructions: (pc=0x000000005defa562)
0x000000005defa542:   e2 49 8d 0c 11 49 f7 d1 48 03 c1 49 c1 e9 03 48
0x000000005defa552:   c1 e8 03 41 23 c1 c3 48 8b 02 48 8b d1 49 8b c9
0x000000005defa562:   48 ff a0 e8 00 00 00 cc cc cc cc cc cc cc 80 3d
0x000000005defa572:   3a f3 72 00 00 48 8b c1 74 1b 8b 51 08 8b 0d d3 


Register to memory mapping:

RAX=0x0000000000000000 is an unknown value
RBX=0x00000000ef2a1d78 is an oop

[error occurred during error reporting (printing register info), id 0xc0000005]

Stack: [0x0000000002420000,0x0000000002520000],  sp=0x000000000251f8d8,  free space=1022k
Native frames: (J=compiled Java code, j=interpreted, Vv=VM code, C=native code)
V  [jvm.dll+0x8a562]


---------------  P R O C E S S  ---------------

Java Threads: ( => current thread )
  0x0000000059136800 JavaThread "Cache worker for Artifact transforms cache (C:\Users\Administrator\.gradle\caches\transforms-1)" [_thread_blocked, id=6892, stack(0x0000000059d20000,0x0000000059e20000)]
  0x0000000059130800 JavaThread "Cache worker for file hash cache (D:\Exercise_1_1\.gradle\4.1\fileHashes)" [_thread_blocked, id=6004, stack(0x0000000062d30000,0x0000000062e30000)]
  0x000000005912e000 JavaThread "Stdin handler" [_thread_blocked, id=6904, stack(0x0000000061e00000,0x0000000061f00000)]
  0x0000000059129800 JavaThread "Asynchronous log dispatcher for DefaultDaemonConnection: socket connection from /127.0.0.1:49234 to /127.0.0.1:51659" [_thread_blocked, id=3932, stack(0x000000005a760000,0x000000005a860000)]
  0x0000000059138000 JavaThread "Cancel handler" [_thread_blocked, id=1224, stack(0x0000000061a90000,0x0000000061b90000)]
  0x000000005912c800 JavaThread "Handler for socket connection from /127.0.0.1:49234 to /127.0.0.1:51659" [_thread_in_native, id=3612, stack(0x000000005acb0000,0x000000005adb0000)]
  0x000000005ed4c000 JavaThread "Daemon worker Thread 19" [_thread_blocked, id=2576, stack(0x0000000061ce0000,0x0000000061de0000)]
  0x000000005ed4b800 JavaThread "Daemon Thread 19" [_thread_blocked, id=2220, stack(0x000000005a970000,0x000000005aa70000)]
  0x000000005ed4d800 JavaThread "Java2D Disposer" daemon [_thread_blocked, id=236, stack(0x0000000064d70000,0x0000000064e70000)]
  0x000000005912f800 JavaThread "Memory manager" [_thread_blocked, id=304, stack(0x0000000062170000,0x0000000062270000)]
  0x00000000599ae000 JavaThread "File lock request listener" [_thread_in_native, id=1176, stack(0x000000005a650000,0x000000005a750000)]
  0x0000000059678000 JavaThread "Cache worker for file hash cache (C:\Users\Administrator\.gradle\caches\4.1\fileHashes)" [_thread_blocked, id=1180, stack(0x000000005a870000,0x000000005a970000)]
  0x0000000059513800 JavaThread "Daemon periodic checks" [_thread_blocked, id=4788, stack(0x000000005a230000,0x000000005a330000)]
  0x00000000598c6000 JavaThread "Incoming local TCP Connector on port 49234" [_thread_in_native, id=4784, stack(0x000000005a090000,0x000000005a190000)]
  0x000000005799f800 JavaThread "Service Thread" daemon [_thread_blocked, id=4804, stack(0x0000000057d40000,0x0000000057e40000)]
  0x0000000057924000 JavaThread "C1 CompilerThread2" daemon [_thread_blocked, id=4444, stack(0x0000000058010000,0x0000000058110000)]
  0x0000000057921000 JavaThread "C2 CompilerThread1" daemon [_thread_blocked, id=4820, stack(0x0000000057e60000,0x0000000057f60000)]
  0x0000000056237800 JavaThread "C2 CompilerThread0" daemon [_thread_blocked, id=3184, stack(0x0000000057820000,0x0000000057920000)]
  0x0000000056235000 JavaThread "Attach Listener" daemon [_thread_blocked, id=4808, stack(0x00000000576e0000,0x00000000577e0000)]
  0x0000000056231800 JavaThread "Signal Dispatcher" daemon [_thread_blocked, id=3188, stack(0x0000000057410000,0x0000000057510000)]
  0x000000005621a000 JavaThread "Finalizer" daemon [_thread_blocked, id=4908, stack(0x0000000057570000,0x0000000057670000)]
  0x00000000561d1000 JavaThread "Reference Handler" daemon [_thread_blocked, id=4796, stack(0x0000000057130000,0x0000000057230000)]
  0x000000000225e000 JavaThread "main" [_thread_blocked, id=2772, stack(0x0000000002550000,0x0000000002650000)]

Other Threads:
  0x00000000561cb800 VMThread [stack: 0x00000000572d0000,0x00000000573d0000] [id=3840]
  0x00000000579a2800 WatcherThread [stack: 0x0000000058220000,0x0000000058320000] [id=4800]

=>0x000000000218c800 (exited) GCTaskThread [stack: 0x0000000002420000,0x0000000002520000] [id=4540]

VM state:at safepoint (normal execution)

VM Mutex/Monitor currently owned by a thread:  ([mutex/lock_event])
[0x000000000225c6e0] Threads_lock - owner thread: 0x00000000561cb800
[0x000000000225cbe0] Heap_lock - owner thread: 0x000000005ed4c000

Heap:
 PSYoungGen      total 327680K, used 317369K [0x00000000e0000000, 0x00000000f6400000, 0x0000000100000000)
  eden space 294912K, 100% used [0x00000000e0000000,0x00000000f2000000,0x00000000f2000000)
  from space 32768K, 68% used [0x00000000f4100000,0x00000000f56ee768,0x00000000f6100000)
  to   space 33792K, 55% used [0x00000000f2000000,0x00000000f326a5e0,0x00000000f4100000)
 ParOldGen       total 180224K, used 48583K [0x00000000a0000000, 0x00000000ab000000, 0x00000000e0000000)
  object space 180224K, 26% used [0x00000000a0000000,0x00000000a2f71d40,0x00000000ab000000)
 Metaspace       used 92703K, capacity 102738K, committed 102828K, reserved 1138688K
  class space    used 11773K, capacity 14234K, committed 14252K, reserved 1048576K

Card table byte_map: [0x0000000011ce0000,0x0000000011ff0000] byte_map_base: 0x00000000117e0000

Marking Bits: (ParMarkBitMap*) 0x000000005e633950
 Begin Bits: [0x0000000012540000, 0x0000000013d40000)
 End Bits:   [0x0000000013d40000, 0x0000000015540000)

Polling page: 0x0000000000230000

CodeCache: size=245760Kb used=76347Kb max_used=76659Kb free=169412Kb
 bounds [0x0000000002920000, 0x0000000007490000, 0x0000000011920000]
 total_blobs=22076 nmethods=21114 adapters=873
 compilation: enabled

Compilation events (10 events):
Event: 4937.004 Thread 0x0000000057924000 nmethod 28170 0x0000000003dfe2d0 code [0x0000000003dfe460, 0x0000000003dfe7b8]
Event: 4937.006 Thread 0x0000000057924000 28171       3       org.gradle.api.internal.initialization.ClassLoaderIds$DefaultClassLoaderId::hashCode (23 bytes)
Event: 4937.006 Thread 0x0000000057924000 nmethod 28171 0x0000000003cd1150 code [0x0000000003cd12c0, 0x0000000003cd1578]
Event: 4937.008 Thread 0x0000000057921000 28172 %     4       groovy.lang.MetaClassImpl::populateMethods @ 59 (400 bytes)
Event: 4937.021 Thread 0x0000000056237800 28173       4       org.gradle.internal.service.DefaultServiceRegistry$OwnServices::getFactory (272 bytes)
Event: 4937.026 Thread 0x0000000057924000 28174       1       org.gradle.StartParameter::isBuildProjectDependencies (5 bytes)
Event: 4937.026 Thread 0x0000000057924000 nmethod 28174 0x000000000663e9d0 code [0x000000000663eb20, 0x000000000663ec30]
Event: 4937.038 Thread 0x0000000056237800 nmethod 28173 0x0000000002c0f7d0 code [0x0000000002c0f9c0, 0x0000000002c10630]
Event: 4937.038 Thread 0x0000000056237800 28175       4       org.gradle.api.internal.artifacts.ivyservice.ivyresolve.parser.PomReader$PomDependencyData::isOptional (32 bytes)
Event: 4937.043 Thread 0x0000000056237800 nmethod 28175 0x0000000004721310 code [0x0000000004721480, 0x00000000047219d8]

GC Heap History (10 events):
Event: 3625.649 GC heap after
Heap after GC invocations=42 (full 4):
 PSYoungGen      total 320000K, used 11873K [0x00000000e0000000, 0x00000000f5f80000, 0x0000000100000000)
  eden space 286208K, 0% used [0x00000000e0000000,0x00000000e0000000,0x00000000f1780000)
  from space 33792K, 35% used [0x00000000f3e80000,0x00000000f4a18408,0x00000000f5f80000)
  to   space 36864K, 0% used [0x00000000f1780000,0x00000000f1780000,0x00000000f3b80000)
 ParOldGen       total 180224K, used 48559K [0x00000000a0000000, 0x00000000ab000000, 0x00000000e0000000)
  object space 180224K, 26% used [0x00000000a0000000,0x00000000a2f6bd40,0x00000000ab000000)
 Metaspace       used 89535K, capacity 97826K, committed 99244K, reserved 1134592K
  class space    used 11198K, capacity 13119K, committed 13484K, reserved 1048576K
}
Event: 4432.074 GC heap before
{Heap before GC invocations=43 (full 4):
 PSYoungGen      total 320000K, used 298081K [0x00000000e0000000, 0x00000000f5f80000, 0x0000000100000000)
  eden space 286208K, 100% used [0x00000000e0000000,0x00000000f1780000,0x00000000f1780000)
  from space 33792K, 35% used [0x00000000f3e80000,0x00000000f4a18408,0x00000000f5f80000)
  to   space 36864K, 0% used [0x00000000f1780000,0x00000000f1780000,0x00000000f3b80000)
 ParOldGen       total 180224K, used 48559K [0x00000000a0000000, 0x00000000ab000000, 0x00000000e0000000)
  object space 180224K, 26% used [0x00000000a0000000,0x00000000a2f6bd40,0x00000000ab000000)
 Metaspace       used 89693K, capacity 98074K, committed 99244K, reserved 1134592K
  class space    used 11221K, capacity 13199K, committed 13484K, reserved 1048576K
Event: 4432.096 GC heap after
Heap after GC invocations=43 (full 4):
 PSYoungGen      total 323072K, used 11520K [0x00000000e0000000, 0x00000000f6380000, 0x0000000100000000)
  eden space 286208K, 0% used [0x00000000e0000000,0x00000000e0000000,0x00000000f1780000)
  from space 36864K, 31% used [0x00000000f1780000,0x00000000f22c0040,0x00000000f3b80000)
  to   space 35328K, 0% used [0x00000000f4100000,0x00000000f4100000,0x00000000f6380000)
 ParOldGen       total 180224K, used 48567K [0x00000000a0000000, 0x00000000ab000000, 0x00000000e0000000)
  object space 180224K, 26% used [0x00000000a0000000,0x00000000a2f6dd40,0x00000000ab000000)
 Metaspace       used 89693K, capacity 98074K, committed 99244K, reserved 1134592K
  class space    used 11221K, capacity 13199K, committed 13484K, reserved 1048576K
}
Event: 4670.253 GC heap before
{Heap before GC invocations=44 (full 4):
 PSYoungGen      total 323072K, used 297728K [0x00000000e0000000, 0x00000000f6380000, 0x0000000100000000)
  eden space 286208K, 100% used [0x00000000e0000000,0x00000000f1780000,0x00000000f1780000)
  from space 36864K, 31% used [0x00000000f1780000,0x00000000f22c0040,0x00000000f3b80000)
  to   space 35328K, 0% used [0x00000000f4100000,0x00000000f4100000,0x00000000f6380000)
 ParOldGen       total 180224K, used 48567K [0x00000000a0000000, 0x00000000ab000000, 0x00000000e0000000)
  object space 180224K, 26% used [0x00000000a0000000,0x00000000a2f6dd40,0x00000000ab000000)
 Metaspace       used 90092K, capacity 98768K, committed 99628K, reserved 1134592K
  class space    used 11267K, capacity 13322K, committed 13612K, reserved 1048576K
Event: 4670.265 GC heap after
Heap after GC invocations=44 (full 4):
 PSYoungGen      total 322560K, used 12233K [0x00000000e0000000, 0x00000000f5f00000, 0x0000000100000000)
  eden space 291840K, 0% used [0x00000000e0000000,0x00000000e0000000,0x00000000f1d00000)
  from space 30720K, 39% used [0x00000000f4100000,0x00000000f4cf2658,0x00000000f5f00000)
  to   space 33792K, 0% used [0x00000000f1d00000,0x00000000f1d00000,0x00000000f3e00000)
 ParOldGen       total 180224K, used 48567K [0x00000000a0000000, 0x00000000ab000000, 0x00000000e0000000)
  object space 180224K, 26% used [0x00000000a0000000,0x00000000a2f6dd40,0x00000000ab000000)
 Metaspace       used 90092K, capacity 98768K, committed 99628K, reserved 1134592K
  class space    used 11267K, capacity 13322K, committed 13612K, reserved 1048576K
}
Event: 4871.606 GC heap before
{Heap before GC invocations=45 (full 4):
 PSYoungGen      total 322560K, used 304073K [0x00000000e0000000, 0x00000000f5f00000, 0x0000000100000000)
  eden space 291840K, 100% used [0x00000000e0000000,0x00000000f1d00000,0x00000000f1d00000)
  from space 30720K, 39% used [0x00000000f4100000,0x00000000f4cf2658,0x00000000f5f00000)
  to   space 33792K, 0% used [0x00000000f1d00000,0x00000000f1d00000,0x00000000f3e00000)
 ParOldGen       total 180224K, used 48567K [0x00000000a0000000, 0x00000000ab000000, 0x00000000e0000000)
  object space 180224K, 26% used [0x00000000a0000000,0x00000000a2f6dd40,0x00000000ab000000)
 Metaspace       used 90281K, capacity 99076K, committed 99884K, reserved 1136640K
  class space    used 11290K, capacity 13402K, committed 13612K, reserved 1048576K
Event: 4871.619 GC heap after
Heap after GC invocations=45 (full 4):
 PSYoungGen      total 325632K, used 11833K [0x00000000e0000000, 0x00000000f6100000, 0x0000000100000000)
  eden space 291840K, 0% used [0x00000000e0000000,0x00000000e0000000,0x00000000f1d00000)
  from space 33792K, 35% used [0x00000000f1d00000,0x00000000f288e790,0x00000000f3e00000)
  to   space 32768K, 0% used [0x00000000f4100000,0x00000000f4100000,0x00000000f6100000)
 ParOldGen       total 180224K, used 48575K [0x00000000a0000000, 0x00000000ab000000, 0x00000000e0000000)
  object space 180224K, 26% used [0x00000000a0000000,0x00000000a2f6fd40,0x00000000ab000000)
 Metaspace       used 90281K, capacity 99076K, committed 99884K, reserved 1136640K
  class space    used 11290K, capacity 13402K, committed 13612K, reserved 1048576K
}
Event: 4907.983 GC heap before
{Heap before GC invocations=46 (full 4):
 PSYoungGen      total 325632K, used 303673K [0x00000000e0000000, 0x00000000f6100000, 0x0000000100000000)
  eden space 291840K, 100% used [0x00000000e0000000,0x00000000f1d00000,0x00000000f1d00000)
  from space 33792K, 35% used [0x00000000f1d00000,0x00000000f288e790,0x00000000f3e00000)
  to   space 32768K, 0% used [0x00000000f4100000,0x00000000f4100000,0x00000000f6100000)
 ParOldGen       total 180224K, used 48575K [0x00000000a0000000, 0x00000000ab000000, 0x00000000e0000000)
  object space 180224K, 26% used [0x00000000a0000000,0x00000000a2f6fd40,0x00000000ab000000)
 Metaspace       used 91325K, capacity 100728K, committed 100908K, reserved 1136640K
  class space    used 11515K, capacity 13765K, committed 13868K, reserved 1048576K
Event: 4908.076 GC heap after
Heap after GC invocations=46 (full 4):
 PSYoungGen      total 327680K, used 22457K [0x00000000e0000000, 0x00000000f6400000, 0x0000000100000000)
  eden space 294912K, 0% used [0x00000000e0000000,0x00000000e0000000,0x00000000f2000000)
  from space 32768K, 68% used [0x00000000f4100000,0x00000000f56ee768,0x00000000f6100000)
  to   space 33792K, 0% used [0x00000000f2000000,0x00000000f2000000,0x00000000f4100000)
 ParOldGen       total 180224K, used 48575K [0x00000000a0000000, 0x00000000ab000000, 0x00000000e0000000)
  object space 180224K, 26% used [0x00000000a0000000,0x00000000a2f6fd40,0x00000000ab000000)
 Metaspace       used 91325K, capacity 100728K, committed 100908K, reserved 1136640K
  class space    used 11515K, capacity 13765K, committed 13868K, reserved 1048576K
}
Event: 4937.049 GC heap before
{Heap before GC invocations=47 (full 4):
 PSYoungGen      total 327680K, used 317369K [0x00000000e0000000, 0x00000000f6400000, 0x0000000100000000)
  eden space 294912K, 100% used [0x00000000e0000000,0x00000000f2000000,0x00000000f2000000)
  from space 32768K, 68% used [0x00000000f4100000,0x00000000f56ee768,0x00000000f6100000)
  to   space 33792K, 0% used [0x00000000f2000000,0x00000000f2000000,0x00000000f4100000)
 ParOldGen       total 180224K, used 48575K [0x00000000a0000000, 0x00000000ab000000, 0x00000000e0000000)
  object space 180224K, 26% used [0x00000000a0000000,0x00000000a2f6fd40,0x00000000ab000000)
 Metaspace       used 92703K, capacity 102738K, committed 102828K, reserved 1138688K
  class space    used 11773K, capacity 14234K, committed 14252K, reserved 1048576K

Deoptimization events (10 events):
Event: 4914.879 Thread 0x000000005ed4c000 Uncommon trap: reason=class_check action=maybe_recompile pc=0x00000000049be1a8 method=org.gradle.util.CollectionUtils.toMutableList(Ljava/lang/Iterable;)Ljava/util/List; @ 22
Event: 4914.879 Thread 0x000000005ed4c000 Uncommon trap: reason=class_check action=maybe_recompile pc=0x00000000049be1a8 method=org.gradle.util.CollectionUtils.toMutableList(Ljava/lang/Iterable;)Ljava/util/List; @ 22
Event: 4915.679 Thread 0x000000005f1e2000 Uncommon trap: reason=null_check action=make_not_entrant pc=0x0000000006c256e8 method=com.android.resources.Density.getEnum(Ljava/lang/String;)Lcom/android/resources/Density; @ 25
Event: 4916.302 Thread 0x000000005f1e2000 Uncommon trap: reason=unstable_if action=reinterpret pc=0x000000000418f924 method=com.google.common.cache.LocalCache$AccessQueue.contains(Ljava/lang/Object;)Z @ 14
Event: 4916.302 Thread 0x000000005f1e2000 Uncommon trap: reason=unstable_if action=reinterpret pc=0x000000000418dd70 method=com.google.common.cache.LocalCache$AccessQueue.contains(Ljava/lang/Object;)Z @ 14
Event: 4925.992 Thread 0x000000005ed4c000 Uncommon trap: reason=null_check action=make_not_entrant pc=0x00000000073be468 method=org.gradle.api.internal.project.taskfactory.InputPropertyAnnotationHandler.attachActions(Lorg/gradle/api/internal/project/taskfactory/TaskPropertyActionContext;)V @ 36
Event: 4927.115 Thread 0x000000005ed4c000 Uncommon trap: reason=unstable_if action=reinterpret pc=0x00000000070b5f48 method=com.google.protobuf.CodedOutputStream.computeUInt32SizeNoTag(I)I @ 23
Event: 4927.115 Thread 0x000000005ed4c000 Uncommon trap: reason=unstable_if action=reinterpret pc=0x000000000405a598 method=com.google.protobuf.CodedOutputStream.computeUInt32SizeNoTag(I)I @ 23
Event: 4927.115 Thread 0x000000005ed4c000 Uncommon trap: reason=unstable_if action=reinterpret pc=0x000000000426e994 method=com.google.protobuf.CodedOutputStream.computeUInt32SizeNoTag(I)I @ 23
Event: 4927.116 Thread 0x000000005ed4c000 Uncommon trap: reason=class_check action=maybe_recompile pc=0x00000000048d94d8 method=org.gradle.internal.event.AbstractBroadcastDispatch.dispatch(Lorg/gradle/internal/dispatch/MethodInvocation;Ljava/util/Iterator;)V @ 160

Classes redefined (0 events):
No events

Internal exceptions (10 events):
Event: 4925.774 Thread 0x000000005ed4c000 Exception <a 'java/lang/NoSuchMethodError': <clinit>> (0x00000000ead6bb80) thrown at [D:\src\AOSP-openjdk-cygwin\jdk8u\hotspot\src\share\vm\prims\jni.cpp, line 1613]
Event: 4925.798 Thread 0x000000005ed4c000 Exception <a 'java/lang/ClassNotFoundException': sync_local_repo107_ddbpzpuwot1sqkkbhb94ywqxvBeanInfo> (0x00000000eaf1c630) thrown at [D:\src\AOSP-openjdk-cygwin\jdk8u\hotspot\src\share\vm\classfile\systemDictionary.cpp, line 210]
Event: 4925.798 Thread 0x000000005ed4c000 Exception <a 'java/lang/ClassNotFoundException': sync_local_repo107_ddbpzpuwot1sqkkbhb94ywqxvCustomizer> (0x00000000eaf26d08) thrown at [D:\src\AOSP-openjdk-cygwin\jdk8u\hotspot\src\share\vm\classfile\systemDictionary.cpp, line 210]
Event: 4927.115 Thread 0x000000005ed4c000 Exception <a 'sun/nio/fs/WindowsException'> (0x00000000f142e358) thrown at [D:\src\AOSP-openjdk-cygwin\jdk8u\hotspot\src\share\vm\prims\jni.cpp, line 709]
Event: 4927.126 Thread 0x000000005ed4b800 Exception <a 'java/lang/NoSuchMethodError': <clinit>> (0x00000000f1498b20) thrown at [D:\src\AOSP-openjdk-cygwin\jdk8u\hotspot\src\share\vm\prims\jni.cpp, line 1613]
Event: 4927.127 Thread 0x000000005ed4b800 Exception <a 'java/lang/NoSuchMethodError': <clinit>> (0x00000000f14b1ba8) thrown at [D:\src\AOSP-openjdk-cygwin\jdk8u\hotspot\src\share\vm\prims\jni.cpp, line 1613]
Event: 4927.128 Thread 0x000000005ed4b800 Exception <a 'java/lang/NoSuchMethodError': <clinit>> (0x00000000f14cfc00) thrown at [D:\src\AOSP-openjdk-cygwin\jdk8u\hotspot\src\share\vm\prims\jni.cpp, line 1613]
Event: 4927.128 Thread 0x000000005ed4b800 Exception <a 'java/lang/NoSuchMethodError': <clinit>> (0x00000000f14d5660) thrown at [D:\src\AOSP-openjdk-cygwin\jdk8u\hotspot\src\share\vm\prims\jni.cpp, line 1613]
Event: 4937.009 Thread 0x000000005ed4c000 Exception <a 'java/lang/ClassNotFoundException': sync_local_repo4499_dmlacjae0zgl0aqfr10awrz9iBeanInfo> (0x00000000f18a7a00) thrown at [D:\src\AOSP-openjdk-cygwin\jdk8u\hotspot\src\share\vm\classfile\systemDictionary.cpp, line 210]
Event: 4937.009 Thread 0x000000005ed4c000 Exception <a 'java/lang/ClassNotFoundException': sync_local_repo4499_dmlacjae0zgl0aqfr10awrz9iCustomizer> (0x00000000f18b2330) thrown at [D:\src\AOSP-openjdk-cygwin\jdk8u\hotspot\src\share\vm\classfile\systemDictionary.cpp, line 210]

Events (10 events):
Event: 4937.017 loading class groovy/runtime/metaclass/sync_local_repo4499_dmlacjae0zgl0aqfr10awrz9i$_run_closure1$_closure2$_closure4MetaClass
Event: 4937.017 loading class groovy/runtime/metaclass/sync_local_repo4499_dmlacjae0zgl0aqfr10awrz9i$_run_closure1$_closure2$_closure4MetaClass done
Event: 4937.019 loading class groovy/runtime/metaclass/sync_local_repo4499_dmlacjae0zgl0aqfr10awrz9i$_run_closure1$_closure2$_closure4$_closure5MetaClass
Event: 4937.019 loading class groovy/runtime/metaclass/sync_local_repo4499_dmlacjae0zgl0aqfr10awrz9i$_run_closure1$_closure2$_closure4$_closure5MetaClass done
Event: 4937.020 loading class groovy/runtime/metaclass/sync_local_repo4499_dmlacjae0zgl0aqfr10awrz9i$_run_closure1$_closure3MetaClass
Event: 4937.020 loading class groovy/runtime/metaclass/sync_local_repo4499_dmlacjae0zgl0aqfr10awrz9i$_run_closure1$_closure3MetaClass done
Event: 4937.020 loading class groovy/runtime/metaclass/sync_local_repo4499_dmlacjae0zgl0aqfr10awrz9i$_run_closure1$_closure3$_closure6MetaClass
Event: 4937.020 loading class groovy/runtime/metaclass/sync_local_repo4499_dmlacjae0zgl0aqfr10awrz9i$_run_closure1$_closure3$_closure6MetaClass done
Event: 4937.024 Thread 0x0000000059136800 Thread added: 0x0000000059136800
Event: 4937.048 Executing VM operation: ParallelGCFailedAllocation


Dynamic libraries:
0x000000013f830000 - 0x000000013f861000 	D:\Android Studio\jre\bin\java.exe
0x00000000772a0000 - 0x0000000077449000 	C:\Windows\SYSTEM32\ntdll.dll
0x0000000077180000 - 0x000000007729f000 	C:\Windows\system32\kernel32.dll
0x000007fefd240000 - 0x000007fefd2ab000 	C:\Windows\system32\KERNELBASE.dll
0x000007fefdb40000 - 0x000007fefdc1b000 	C:\Windows\system32\ADVAPI32.dll
0x000007fefe350000 - 0x000007fefe3ef000 	C:\Windows\system32\msvcrt.dll
0x000007fefd680000 - 0x000007fefd69f000 	C:\Windows\SYSTEM32\sechost.dll
0x000007fefd480000 - 0x000007fefd5ad000 	C:\Windows\system32\RPCRT4.dll
0x0000000077080000 - 0x000000007717a000 	C:\Windows\system32\USER32.dll
0x000007fefda20000 - 0x000007fefda87000 	C:\Windows\system32\GDI32.dll
0x000007fefe250000 - 0x000007fefe25e000 	C:\Windows\system32\LPK.dll
0x000007fefd5b0000 - 0x000007fefd679000 	C:\Windows\system32\USP10.dll
0x000007fefb8a0000 - 0x000007fefba94000 	C:\Windows\WinSxS\amd64_microsoft.windows.common-controls_6595b64144ccf1df_6.0.7601.17514_none_fa396087175ac9ac\COMCTL32.dll
0x000007fefd6b0000 - 0x000007fefd721000 	C:\Windows\system32\SHLWAPI.dll
0x000007fefda90000 - 0x000007fefdabe000 	C:\Windows\system32\IMM32.DLL
0x000007fefd910000 - 0x000007fefda19000 	C:\Windows\system32\MSCTF.dll
0x00000000638e0000 - 0x00000000639b2000 	D:\Android Studio\jre\jre\bin\msvcr100.dll
0x000000005de70000 - 0x000000005e6ae000 	D:\Android Studio\jre\jre\bin\server\jvm.dll
0x000007feecd80000 - 0x000007feecd89000 	C:\Windows\system32\WSOCK32.dll
0x000007fefe300000 - 0x000007fefe34d000 	C:\Windows\system32\WS2_32.dll
0x000007fefd6a0000 - 0x000007fefd6a8000 	C:\Windows\system32\NSI.dll
0x000007fefa570000 - 0x000007fefa5ab000 	C:\Windows\system32\WINMM.dll
0x000007fefc0e0000 - 0x000007fefc0ec000 	C:\Windows\system32\VERSION.dll
0x0000000077460000 - 0x0000000077467000 	C:\Windows\system32\PSAPI.DLL
0x000007feea460000 - 0x000007feea46f000 	D:\Android Studio\jre\jre\bin\verify.dll
0x000007feea430000 - 0x000007feea459000 	D:\Android Studio\jre\jre\bin\java.dll
0x000007feea410000 - 0x000007feea426000 	D:\Android Studio\jre\jre\bin\zip.dll
0x000007fefe620000 - 0x000007feff3a8000 	C:\Windows\system32\SHELL32.dll
0x000007fefe3f0000 - 0x000007fefe5f3000 	C:\Windows\system32\ole32.dll
0x000007fefd050000 - 0x000007fefd05f000 	C:\Windows\system32\profapi.dll
0x000007feea3f0000 - 0x000007feea40a000 	D:\Android Studio\jre\jre\bin\net.dll
0x000007fefc7e0000 - 0x000007fefc835000 	C:\Windows\system32\mswsock.dll
0x000007fefc9c0000 - 0x000007fefc9c7000 	C:\Windows\System32\wship6.dll
0x000007feea3d0000 - 0x000007feea3e1000 	D:\Android Studio\jre\jre\bin\nio.dll
0x000007fef58e0000 - 0x000007fef58fe000 	C:\Users\Administrator\.gradle\native\25\windows-amd64\native-platform.dll
0x000007feea470000 - 0x000007feea47d000 	D:\Android Studio\jre\jre\bin\management.dll
0x000007fefca90000 - 0x000007fefcaa7000 	C:\Windows\system32\CRYPTSP.dll
0x000007fefc5e0000 - 0x000007fefc627000 	C:\Windows\system32\rsaenh.dll
0x000007fefc380000 - 0x000007fefc39e000 	C:\Windows\system32\USERENV.dll
0x000007fefcf80000 - 0x000007fefcf8f000 	C:\Windows\system32\CRYPTBASE.dll
0x000007fefaa90000 - 0x000007fefaab7000 	C:\Windows\system32\IPHLPAPI.DLL
0x000007fefaa60000 - 0x000007fefaa6b000 	C:\Windows\system32\WINNSI.DLL
0x000007fefa780000 - 0x000007fefa791000 	C:\Windows\system32\dhcpcsvc6.DLL
0x000007fefa760000 - 0x000007fefa778000 	C:\Windows\system32\dhcpcsvc.DLL
0x000007feea230000 - 0x000007feea3c5000 	D:\Android Studio\jre\jre\bin\awt.dll
0x000007fefdc20000 - 0x000007fefdcf7000 	C:\Windows\system32\OLEAUT32.dll
0x000007fee9e60000 - 0x000007feea224000 	C:\Windows\system32\d2d1.dll
0x000007fefb050000 - 0x000007fefb068000 	C:\Windows\system32\DWMAPI.DLL
0x000007fefcee0000 - 0x000007fefcf37000 	C:\Windows\system32\apphelp.dll
0x000007fef4e90000 - 0x000007fef4fb5000 	C:\Windows\system32\dbghelp.dll

VM Arguments:
jvm_args: -Xmx1536m -Dfile.encoding=windows-1252 -Duser.country=US -Duser.language=en -Duser.variant 
java_command: org.gradle.launcher.daemon.bootstrap.GradleDaemon 4.1
java_class_path (initial): C:\Users\Administrator\.gradle\wrapper\dists\gradle-4.1-all\bzyivzo6n839fup2jbap0tjew\gradle-4.1\lib\gradle-launcher-4.1.jar
Launcher Type: SUN_STANDARD

Environment Variables:
PATH=C:\Windows\system32;C:\Windows;C:\Windows\System32\Wbem;C:\Windows\System32\WindowsPowerShell\v1.0\;C:\Program Files (x86)\NVIDIA Corporation\PhysX\Common;C:\Program Files (x86)\GtkSharp\2.12\bin;D:\Git\cmd;C:\Program Files\Java\jdk-9.0.1\bin;C:\Users\Administrator\AppData\Local\GitHubDesktop\bin
USERNAME=Administrator
OS=Windows_NT
PROCESSOR_IDENTIFIER=Intel64 Family 6 Model 58 Stepping 9, GenuineIntel



---------------  S Y S T E M  ---------------

OS: Windows 7 , 64 bit Build 7601 (6.1.7601.18015)

CPU:total 4 (initial active 4) (4 cores per cpu, 1 threads per core) family 6 model 58 stepping 9, cmov, cx8, fxsr, mmx, sse, sse2, sse3, ssse3, sse4.1, sse4.2, popcnt, avx, aes, clmul, erms, tsc, tscinvbit, tscinv

Memory: 4k page, physical 6235880k(2138012k free), swap 12469916k(7775132k free)

vm_info: OpenJDK 64-Bit Server VM (25.152-b01) for windows-amd64 JRE (1.8.0_152-release-915-b01), built by "builder" with MS VC++ 10.0 (VS2010)

time: Wed Mar 07 00:38:08 2018
elapsed time: 4937 seconds (0d 1h 22m 17s)

